<?xml version="1.0" encoding="UTF-8"?>
<testng-results ignored="0" total="140" passed="139" failed="1" skipped="0">
  <reporter-output>
  </reporter-output>
  <suite started-at="2024-01-11T10:31:06Z" name="Default suite" finished-at="2024-01-11T11:02:31Z" duration-ms="1884223">
    <groups>
      <group name="cucumber">
        <method signature="AbstractTestNGCucumberTests.runScenario(io.cucumber.testng.PickleWrapper, io.cucumber.testng.FeatureWrapper)[pri:0, instance:cucumberOptions.TestNGTestRunner@169bb4dd]" name="runScenario" class="io.cucumber.testng.AbstractTestNGCucumberTests"/>
      </group> <!-- cucumber -->
    </groups>
    <test started-at="2024-01-11T10:31:06Z" name="Default test" finished-at="2024-01-11T11:02:31Z" duration-ms="1884223">
      <class name="cucumberOptions.TestNGTestRunner">
        <test-method is-config="true" signature="setUpClass(org.testng.ITestContext)[pri:0, instance:cucumberOptions.TestNGTestRunner@169bb4dd]" started-at="2024-01-11T10:31:06Z" name="setUpClass" finished-at="2024-01-11T10:31:20Z" duration-ms="13414" status="PASS">
          <params>
            <param index="0">
              <value>
                <![CDATA[org.testng.TestRunner@606f0f70]]>
              </value>
            </param>
          </params>
          <reporter-output>
          </reporter-output>
        </test-method> <!-- setUpClass -->
        <test-method signature="runScenario(io.cucumber.testng.PickleWrapper, io.cucumber.testng.FeatureWrapper)[pri:0, instance:cucumberOptions.TestNGTestRunner@169bb4dd]" started-at="2024-01-11T10:31:20Z" name="runScenario" description="Runs Cucumber Scenarios" data-provider="scenarios" finished-at="2024-01-11T10:32:31Z" duration-ms="70858" status="PASS">
          <params>
            <param index="0">
              <value>
                <![CDATA["Verify that the title tab link are navigating to desired page"]]>
              </value>
            </param>
            <param index="1">
              <value>
                <![CDATA["Homepage tab verification"]]>
              </value>
            </param>
          </params>
          <reporter-output>
          </reporter-output>
        </test-method> <!-- runScenario -->
        <test-method signature="runScenario(io.cucumber.testng.PickleWrapper, io.cucumber.testng.FeatureWrapper)[pri:0, instance:cucumberOptions.TestNGTestRunner@169bb4dd]" started-at="2024-01-11T10:32:31Z" name="runScenario" description="Runs Cucumber Scenarios" data-provider="scenarios" finished-at="2024-01-11T10:32:42Z" duration-ms="11524" status="PASS">
          <params>
            <param index="0">
              <value>
                <![CDATA["verify that the Best seller Quick access link"]]>
              </value>
            </param>
            <param index="1">
              <value>
                <![CDATA["Homepage tab verification"]]>
              </value>
            </param>
          </params>
          <reporter-output>
          </reporter-output>
        </test-method> <!-- runScenario -->
        <test-method signature="runScenario(io.cucumber.testng.PickleWrapper, io.cucumber.testng.FeatureWrapper)[pri:0, instance:cucumberOptions.TestNGTestRunner@169bb4dd]" started-at="2024-01-11T10:32:42Z" name="runScenario" description="Runs Cucumber Scenarios" data-provider="scenarios" finished-at="2024-01-11T10:32:57Z" duration-ms="15172" status="PASS">
          <params>
            <param index="0">
              <value>
                <![CDATA["verify that the Best seller Quick access link"]]>
              </value>
            </param>
            <param index="1">
              <value>
                <![CDATA["Homepage tab verification"]]>
              </value>
            </param>
          </params>
          <reporter-output>
          </reporter-output>
        </test-method> <!-- runScenario -->
        <test-method signature="runScenario(io.cucumber.testng.PickleWrapper, io.cucumber.testng.FeatureWrapper)[pri:0, instance:cucumberOptions.TestNGTestRunner@169bb4dd]" started-at="2024-01-11T10:32:58Z" name="runScenario" description="Runs Cucumber Scenarios" data-provider="scenarios" finished-at="2024-01-11T10:33:10Z" duration-ms="12962" status="PASS">
          <params>
            <param index="0">
              <value>
                <![CDATA["verify that the Best seller Quick access link"]]>
              </value>
            </param>
            <param index="1">
              <value>
                <![CDATA["Homepage tab verification"]]>
              </value>
            </param>
          </params>
          <reporter-output>
          </reporter-output>
        </test-method> <!-- runScenario -->
        <test-method signature="runScenario(io.cucumber.testng.PickleWrapper, io.cucumber.testng.FeatureWrapper)[pri:0, instance:cucumberOptions.TestNGTestRunner@169bb4dd]" started-at="2024-01-11T10:33:10Z" name="runScenario" description="Runs Cucumber Scenarios" data-provider="scenarios" finished-at="2024-01-11T10:33:23Z" duration-ms="12564" status="PASS">
          <params>
            <param index="0">
              <value>
                <![CDATA["verify that the Best seller Quick access link"]]>
              </value>
            </param>
            <param index="1">
              <value>
                <![CDATA["Homepage tab verification"]]>
              </value>
            </param>
          </params>
          <reporter-output>
          </reporter-output>
        </test-method> <!-- runScenario -->
        <test-method signature="runScenario(io.cucumber.testng.PickleWrapper, io.cucumber.testng.FeatureWrapper)[pri:0, instance:cucumberOptions.TestNGTestRunner@169bb4dd]" started-at="2024-01-11T10:33:23Z" name="runScenario" description="Runs Cucumber Scenarios" data-provider="scenarios" finished-at="2024-01-11T10:33:35Z" duration-ms="12056" status="PASS">
          <params>
            <param index="0">
              <value>
                <![CDATA["verify that the Best seller Quick access link"]]>
              </value>
            </param>
            <param index="1">
              <value>
                <![CDATA["Homepage tab verification"]]>
              </value>
            </param>
          </params>
          <reporter-output>
          </reporter-output>
        </test-method> <!-- runScenario -->
        <test-method signature="runScenario(io.cucumber.testng.PickleWrapper, io.cucumber.testng.FeatureWrapper)[pri:0, instance:cucumberOptions.TestNGTestRunner@169bb4dd]" started-at="2024-01-11T10:33:35Z" name="runScenario" description="Runs Cucumber Scenarios" data-provider="scenarios" finished-at="2024-01-11T10:33:47Z" duration-ms="11735" status="PASS">
          <params>
            <param index="0">
              <value>
                <![CDATA["verify that the Best seller Quick access link"]]>
              </value>
            </param>
            <param index="1">
              <value>
                <![CDATA["Homepage tab verification"]]>
              </value>
            </param>
          </params>
          <reporter-output>
          </reporter-output>
        </test-method> <!-- runScenario -->
        <test-method signature="runScenario(io.cucumber.testng.PickleWrapper, io.cucumber.testng.FeatureWrapper)[pri:0, instance:cucumberOptions.TestNGTestRunner@169bb4dd]" started-at="2024-01-11T10:33:47Z" name="runScenario" description="Runs Cucumber Scenarios" data-provider="scenarios" finished-at="2024-01-11T10:33:59Z" duration-ms="11728" status="PASS">
          <params>
            <param index="0">
              <value>
                <![CDATA["verify that the Best seller Quick access link"]]>
              </value>
            </param>
            <param index="1">
              <value>
                <![CDATA["Homepage tab verification"]]>
              </value>
            </param>
          </params>
          <reporter-output>
          </reporter-output>
        </test-method> <!-- runScenario -->
        <test-method signature="runScenario(io.cucumber.testng.PickleWrapper, io.cucumber.testng.FeatureWrapper)[pri:0, instance:cucumberOptions.TestNGTestRunner@169bb4dd]" started-at="2024-01-11T10:33:59Z" name="runScenario" description="Runs Cucumber Scenarios" data-provider="scenarios" finished-at="2024-01-11T10:34:12Z" duration-ms="12674" status="PASS">
          <params>
            <param index="0">
              <value>
                <![CDATA["verify that the Best seller Quick access link"]]>
              </value>
            </param>
            <param index="1">
              <value>
                <![CDATA["Homepage tab verification"]]>
              </value>
            </param>
          </params>
          <reporter-output>
          </reporter-output>
        </test-method> <!-- runScenario -->
        <test-method signature="runScenario(io.cucumber.testng.PickleWrapper, io.cucumber.testng.FeatureWrapper)[pri:0, instance:cucumberOptions.TestNGTestRunner@169bb4dd]" started-at="2024-01-11T10:34:12Z" name="runScenario" description="Runs Cucumber Scenarios" data-provider="scenarios" finished-at="2024-01-11T10:34:23Z" duration-ms="11825" status="PASS">
          <params>
            <param index="0">
              <value>
                <![CDATA["verify that the Best seller Quick access link"]]>
              </value>
            </param>
            <param index="1">
              <value>
                <![CDATA["Homepage tab verification"]]>
              </value>
            </param>
          </params>
          <reporter-output>
          </reporter-output>
        </test-method> <!-- runScenario -->
        <test-method signature="runScenario(io.cucumber.testng.PickleWrapper, io.cucumber.testng.FeatureWrapper)[pri:0, instance:cucumberOptions.TestNGTestRunner@169bb4dd]" started-at="2024-01-11T10:34:23Z" name="runScenario" description="Runs Cucumber Scenarios" data-provider="scenarios" finished-at="2024-01-11T10:34:36Z" duration-ms="12604" status="PASS">
          <params>
            <param index="0">
              <value>
                <![CDATA["verify that the Best seller Quick access link"]]>
              </value>
            </param>
            <param index="1">
              <value>
                <![CDATA["Homepage tab verification"]]>
              </value>
            </param>
          </params>
          <reporter-output>
          </reporter-output>
        </test-method> <!-- runScenario -->
        <test-method signature="runScenario(io.cucumber.testng.PickleWrapper, io.cucumber.testng.FeatureWrapper)[pri:0, instance:cucumberOptions.TestNGTestRunner@169bb4dd]" started-at="2024-01-11T10:34:36Z" name="runScenario" description="Runs Cucumber Scenarios" data-provider="scenarios" finished-at="2024-01-11T10:34:48Z" duration-ms="12045" status="PASS">
          <params>
            <param index="0">
              <value>
                <![CDATA["verify that the Best seller Quick access link"]]>
              </value>
            </param>
            <param index="1">
              <value>
                <![CDATA["Homepage tab verification"]]>
              </value>
            </param>
          </params>
          <reporter-output>
          </reporter-output>
        </test-method> <!-- runScenario -->
        <test-method signature="runScenario(io.cucumber.testng.PickleWrapper, io.cucumber.testng.FeatureWrapper)[pri:0, instance:cucumberOptions.TestNGTestRunner@169bb4dd]" started-at="2024-01-11T10:34:48Z" name="runScenario" description="Runs Cucumber Scenarios" data-provider="scenarios" finished-at="2024-01-11T10:34:59Z" duration-ms="10750" status="PASS">
          <params>
            <param index="0">
              <value>
                <![CDATA["verify that the Best seller Quick access link"]]>
              </value>
            </param>
            <param index="1">
              <value>
                <![CDATA["Homepage tab verification"]]>
              </value>
            </param>
          </params>
          <reporter-output>
          </reporter-output>
        </test-method> <!-- runScenario -->
        <test-method signature="runScenario(io.cucumber.testng.PickleWrapper, io.cucumber.testng.FeatureWrapper)[pri:0, instance:cucumberOptions.TestNGTestRunner@169bb4dd]" started-at="2024-01-11T10:34:59Z" name="runScenario" description="Runs Cucumber Scenarios" data-provider="scenarios" finished-at="2024-01-11T10:35:10Z" duration-ms="11336" status="PASS">
          <params>
            <param index="0">
              <value>
                <![CDATA["verify that the Best seller Quick access link"]]>
              </value>
            </param>
            <param index="1">
              <value>
                <![CDATA["Homepage tab verification"]]>
              </value>
            </param>
          </params>
          <reporter-output>
          </reporter-output>
        </test-method> <!-- runScenario -->
        <test-method signature="runScenario(io.cucumber.testng.PickleWrapper, io.cucumber.testng.FeatureWrapper)[pri:0, instance:cucumberOptions.TestNGTestRunner@169bb4dd]" started-at="2024-01-11T10:35:10Z" name="runScenario" description="Runs Cucumber Scenarios" data-provider="scenarios" finished-at="2024-01-11T10:35:24Z" duration-ms="13741" status="PASS">
          <params>
            <param index="0">
              <value>
                <![CDATA["verify that the Best seller Quick access link"]]>
              </value>
            </param>
            <param index="1">
              <value>
                <![CDATA["Homepage tab verification"]]>
              </value>
            </param>
          </params>
          <reporter-output>
          </reporter-output>
        </test-method> <!-- runScenario -->
        <test-method signature="runScenario(io.cucumber.testng.PickleWrapper, io.cucumber.testng.FeatureWrapper)[pri:0, instance:cucumberOptions.TestNGTestRunner@169bb4dd]" started-at="2024-01-11T10:35:24Z" name="runScenario" description="Runs Cucumber Scenarios" data-provider="scenarios" finished-at="2024-01-11T10:35:35Z" duration-ms="11051" status="PASS">
          <params>
            <param index="0">
              <value>
                <![CDATA["verify that the Best seller Quick access link"]]>
              </value>
            </param>
            <param index="1">
              <value>
                <![CDATA["Homepage tab verification"]]>
              </value>
            </param>
          </params>
          <reporter-output>
          </reporter-output>
        </test-method> <!-- runScenario -->
        <test-method signature="runScenario(io.cucumber.testng.PickleWrapper, io.cucumber.testng.FeatureWrapper)[pri:0, instance:cucumberOptions.TestNGTestRunner@169bb4dd]" started-at="2024-01-11T10:35:35Z" name="runScenario" description="Runs Cucumber Scenarios" data-provider="scenarios" finished-at="2024-01-11T10:35:49Z" duration-ms="13645" status="PASS">
          <params>
            <param index="0">
              <value>
                <![CDATA["verify that the Best seller Quick access link"]]>
              </value>
            </param>
            <param index="1">
              <value>
                <![CDATA["Homepage tab verification"]]>
              </value>
            </param>
          </params>
          <reporter-output>
          </reporter-output>
        </test-method> <!-- runScenario -->
        <test-method signature="runScenario(io.cucumber.testng.PickleWrapper, io.cucumber.testng.FeatureWrapper)[pri:0, instance:cucumberOptions.TestNGTestRunner@169bb4dd]" started-at="2024-01-11T10:35:49Z" name="runScenario" description="Runs Cucumber Scenarios" data-provider="scenarios" finished-at="2024-01-11T10:36:01Z" duration-ms="12583" status="PASS">
          <params>
            <param index="0">
              <value>
                <![CDATA["verify that the Best seller Quick access link"]]>
              </value>
            </param>
            <param index="1">
              <value>
                <![CDATA["Homepage tab verification"]]>
              </value>
            </param>
          </params>
          <reporter-output>
          </reporter-output>
        </test-method> <!-- runScenario -->
        <test-method signature="runScenario(io.cucumber.testng.PickleWrapper, io.cucumber.testng.FeatureWrapper)[pri:0, instance:cucumberOptions.TestNGTestRunner@169bb4dd]" started-at="2024-01-11T10:36:01Z" name="runScenario" description="Runs Cucumber Scenarios" data-provider="scenarios" finished-at="2024-01-11T10:36:12Z" duration-ms="10563" status="PASS">
          <params>
            <param index="0">
              <value>
                <![CDATA["verify that the Best seller Quick access link"]]>
              </value>
            </param>
            <param index="1">
              <value>
                <![CDATA["Homepage tab verification"]]>
              </value>
            </param>
          </params>
          <reporter-output>
          </reporter-output>
        </test-method> <!-- runScenario -->
        <test-method signature="runScenario(io.cucumber.testng.PickleWrapper, io.cucumber.testng.FeatureWrapper)[pri:0, instance:cucumberOptions.TestNGTestRunner@169bb4dd]" started-at="2024-01-11T10:36:12Z" name="runScenario" description="Runs Cucumber Scenarios" data-provider="scenarios" finished-at="2024-01-11T10:36:24Z" duration-ms="12263" status="PASS">
          <params>
            <param index="0">
              <value>
                <![CDATA["verify that the Best seller Quick access link"]]>
              </value>
            </param>
            <param index="1">
              <value>
                <![CDATA["Homepage tab verification"]]>
              </value>
            </param>
          </params>
          <reporter-output>
          </reporter-output>
        </test-method> <!-- runScenario -->
        <test-method signature="runScenario(io.cucumber.testng.PickleWrapper, io.cucumber.testng.FeatureWrapper)[pri:0, instance:cucumberOptions.TestNGTestRunner@169bb4dd]" started-at="2024-01-11T10:36:24Z" name="runScenario" description="Runs Cucumber Scenarios" data-provider="scenarios" finished-at="2024-01-11T10:36:35Z" duration-ms="10607" status="PASS">
          <params>
            <param index="0">
              <value>
                <![CDATA["verify that the Best seller Quick access link"]]>
              </value>
            </param>
            <param index="1">
              <value>
                <![CDATA["Homepage tab verification"]]>
              </value>
            </param>
          </params>
          <reporter-output>
          </reporter-output>
        </test-method> <!-- runScenario -->
        <test-method signature="runScenario(io.cucumber.testng.PickleWrapper, io.cucumber.testng.FeatureWrapper)[pri:0, instance:cucumberOptions.TestNGTestRunner@169bb4dd]" started-at="2024-01-11T10:36:35Z" name="runScenario" description="Runs Cucumber Scenarios" data-provider="scenarios" finished-at="2024-01-11T10:36:49Z" duration-ms="14100" status="PASS">
          <params>
            <param index="0">
              <value>
                <![CDATA["verify that the Best seller Quick access link"]]>
              </value>
            </param>
            <param index="1">
              <value>
                <![CDATA["Homepage tab verification"]]>
              </value>
            </param>
          </params>
          <reporter-output>
          </reporter-output>
        </test-method> <!-- runScenario -->
        <test-method signature="runScenario(io.cucumber.testng.PickleWrapper, io.cucumber.testng.FeatureWrapper)[pri:0, instance:cucumberOptions.TestNGTestRunner@169bb4dd]" started-at="2024-01-11T10:36:49Z" name="runScenario" description="Runs Cucumber Scenarios" data-provider="scenarios" finished-at="2024-01-11T10:37:03Z" duration-ms="14415" status="PASS">
          <params>
            <param index="0">
              <value>
                <![CDATA["verify that the Best seller Quick access link"]]>
              </value>
            </param>
            <param index="1">
              <value>
                <![CDATA["Homepage tab verification"]]>
              </value>
            </param>
          </params>
          <reporter-output>
          </reporter-output>
        </test-method> <!-- runScenario -->
        <test-method signature="runScenario(io.cucumber.testng.PickleWrapper, io.cucumber.testng.FeatureWrapper)[pri:0, instance:cucumberOptions.TestNGTestRunner@169bb4dd]" started-at="2024-01-11T10:37:03Z" name="runScenario" description="Runs Cucumber Scenarios" data-provider="scenarios" finished-at="2024-01-11T10:37:15Z" duration-ms="12187" status="PASS">
          <params>
            <param index="0">
              <value>
                <![CDATA["verify that the Best seller Quick access link"]]>
              </value>
            </param>
            <param index="1">
              <value>
                <![CDATA["Homepage tab verification"]]>
              </value>
            </param>
          </params>
          <reporter-output>
          </reporter-output>
        </test-method> <!-- runScenario -->
        <test-method signature="runScenario(io.cucumber.testng.PickleWrapper, io.cucumber.testng.FeatureWrapper)[pri:0, instance:cucumberOptions.TestNGTestRunner@169bb4dd]" started-at="2024-01-11T10:37:15Z" name="runScenario" description="Runs Cucumber Scenarios" data-provider="scenarios" finished-at="2024-01-11T10:37:28Z" duration-ms="12696" status="PASS">
          <params>
            <param index="0">
              <value>
                <![CDATA["verify that the Best seller Quick access link"]]>
              </value>
            </param>
            <param index="1">
              <value>
                <![CDATA["Homepage tab verification"]]>
              </value>
            </param>
          </params>
          <reporter-output>
          </reporter-output>
        </test-method> <!-- runScenario -->
        <test-method signature="runScenario(io.cucumber.testng.PickleWrapper, io.cucumber.testng.FeatureWrapper)[pri:0, instance:cucumberOptions.TestNGTestRunner@169bb4dd]" started-at="2024-01-11T10:37:28Z" name="runScenario" description="Runs Cucumber Scenarios" data-provider="scenarios" finished-at="2024-01-11T10:37:41Z" duration-ms="12605" status="PASS">
          <params>
            <param index="0">
              <value>
                <![CDATA["verify that the Best seller Quick access link"]]>
              </value>
            </param>
            <param index="1">
              <value>
                <![CDATA["Homepage tab verification"]]>
              </value>
            </param>
          </params>
          <reporter-output>
          </reporter-output>
        </test-method> <!-- runScenario -->
        <test-method signature="runScenario(io.cucumber.testng.PickleWrapper, io.cucumber.testng.FeatureWrapper)[pri:0, instance:cucumberOptions.TestNGTestRunner@169bb4dd]" started-at="2024-01-11T10:37:41Z" name="runScenario" description="Runs Cucumber Scenarios" data-provider="scenarios" finished-at="2024-01-11T10:37:52Z" duration-ms="11413" status="PASS">
          <params>
            <param index="0">
              <value>
                <![CDATA["verify that the Best seller Quick access link"]]>
              </value>
            </param>
            <param index="1">
              <value>
                <![CDATA["Homepage tab verification"]]>
              </value>
            </param>
          </params>
          <reporter-output>
          </reporter-output>
        </test-method> <!-- runScenario -->
        <test-method signature="runScenario(io.cucumber.testng.PickleWrapper, io.cucumber.testng.FeatureWrapper)[pri:0, instance:cucumberOptions.TestNGTestRunner@169bb4dd]" started-at="2024-01-11T10:37:52Z" name="runScenario" description="Runs Cucumber Scenarios" data-provider="scenarios" finished-at="2024-01-11T10:38:03Z" duration-ms="10515" status="PASS">
          <params>
            <param index="0">
              <value>
                <![CDATA["verify that the Best seller Quick access link"]]>
              </value>
            </param>
            <param index="1">
              <value>
                <![CDATA["Homepage tab verification"]]>
              </value>
            </param>
          </params>
          <reporter-output>
          </reporter-output>
        </test-method> <!-- runScenario -->
        <test-method signature="runScenario(io.cucumber.testng.PickleWrapper, io.cucumber.testng.FeatureWrapper)[pri:0, instance:cucumberOptions.TestNGTestRunner@169bb4dd]" started-at="2024-01-11T10:38:03Z" name="runScenario" description="Runs Cucumber Scenarios" data-provider="scenarios" finished-at="2024-01-11T10:38:14Z" duration-ms="10787" status="PASS">
          <params>
            <param index="0">
              <value>
                <![CDATA["verify that the Best seller Quick access link"]]>
              </value>
            </param>
            <param index="1">
              <value>
                <![CDATA["Homepage tab verification"]]>
              </value>
            </param>
          </params>
          <reporter-output>
          </reporter-output>
        </test-method> <!-- runScenario -->
        <test-method signature="runScenario(io.cucumber.testng.PickleWrapper, io.cucumber.testng.FeatureWrapper)[pri:0, instance:cucumberOptions.TestNGTestRunner@169bb4dd]" started-at="2024-01-11T10:38:14Z" name="runScenario" description="Runs Cucumber Scenarios" data-provider="scenarios" finished-at="2024-01-11T10:38:26Z" duration-ms="12170" status="PASS">
          <params>
            <param index="0">
              <value>
                <![CDATA["verify that the Best seller Quick access link"]]>
              </value>
            </param>
            <param index="1">
              <value>
                <![CDATA["Homepage tab verification"]]>
              </value>
            </param>
          </params>
          <reporter-output>
          </reporter-output>
        </test-method> <!-- runScenario -->
        <test-method signature="runScenario(io.cucumber.testng.PickleWrapper, io.cucumber.testng.FeatureWrapper)[pri:0, instance:cucumberOptions.TestNGTestRunner@169bb4dd]" started-at="2024-01-11T10:38:26Z" name="runScenario" description="Runs Cucumber Scenarios" data-provider="scenarios" finished-at="2024-01-11T10:38:38Z" duration-ms="12585" status="PASS">
          <params>
            <param index="0">
              <value>
                <![CDATA["verify that the Best seller Quick access link"]]>
              </value>
            </param>
            <param index="1">
              <value>
                <![CDATA["Homepage tab verification"]]>
              </value>
            </param>
          </params>
          <reporter-output>
          </reporter-output>
        </test-method> <!-- runScenario -->
        <test-method signature="runScenario(io.cucumber.testng.PickleWrapper, io.cucumber.testng.FeatureWrapper)[pri:0, instance:cucumberOptions.TestNGTestRunner@169bb4dd]" started-at="2024-01-11T10:38:38Z" name="runScenario" description="Runs Cucumber Scenarios" data-provider="scenarios" finished-at="2024-01-11T10:38:49Z" duration-ms="10540" status="PASS">
          <params>
            <param index="0">
              <value>
                <![CDATA["verify that the Best seller Quick access link"]]>
              </value>
            </param>
            <param index="1">
              <value>
                <![CDATA["Homepage tab verification"]]>
              </value>
            </param>
          </params>
          <reporter-output>
          </reporter-output>
        </test-method> <!-- runScenario -->
        <test-method signature="runScenario(io.cucumber.testng.PickleWrapper, io.cucumber.testng.FeatureWrapper)[pri:0, instance:cucumberOptions.TestNGTestRunner@169bb4dd]" started-at="2024-01-11T10:38:49Z" name="runScenario" description="Runs Cucumber Scenarios" data-provider="scenarios" finished-at="2024-01-11T10:39:01Z" duration-ms="12162" status="PASS">
          <params>
            <param index="0">
              <value>
                <![CDATA["verify that the Electronic Quick access link"]]>
              </value>
            </param>
            <param index="1">
              <value>
                <![CDATA["Homepage tab verification"]]>
              </value>
            </param>
          </params>
          <reporter-output>
          </reporter-output>
        </test-method> <!-- runScenario -->
        <test-method signature="runScenario(io.cucumber.testng.PickleWrapper, io.cucumber.testng.FeatureWrapper)[pri:0, instance:cucumberOptions.TestNGTestRunner@169bb4dd]" started-at="2024-01-11T10:39:01Z" name="runScenario" description="Runs Cucumber Scenarios" data-provider="scenarios" finished-at="2024-01-11T10:39:13Z" duration-ms="11977" status="PASS">
          <params>
            <param index="0">
              <value>
                <![CDATA["verify that the Electronic Quick access link"]]>
              </value>
            </param>
            <param index="1">
              <value>
                <![CDATA["Homepage tab verification"]]>
              </value>
            </param>
          </params>
          <reporter-output>
          </reporter-output>
        </test-method> <!-- runScenario -->
        <test-method signature="runScenario(io.cucumber.testng.PickleWrapper, io.cucumber.testng.FeatureWrapper)[pri:0, instance:cucumberOptions.TestNGTestRunner@169bb4dd]" started-at="2024-01-11T10:39:13Z" name="runScenario" description="Runs Cucumber Scenarios" data-provider="scenarios" finished-at="2024-01-11T10:39:25Z" duration-ms="11908" status="PASS">
          <params>
            <param index="0">
              <value>
                <![CDATA["verify that the Electronic Quick access link"]]>
              </value>
            </param>
            <param index="1">
              <value>
                <![CDATA["Homepage tab verification"]]>
              </value>
            </param>
          </params>
          <reporter-output>
          </reporter-output>
        </test-method> <!-- runScenario -->
        <test-method signature="runScenario(io.cucumber.testng.PickleWrapper, io.cucumber.testng.FeatureWrapper)[pri:0, instance:cucumberOptions.TestNGTestRunner@169bb4dd]" started-at="2024-01-11T10:39:25Z" name="runScenario" description="Runs Cucumber Scenarios" data-provider="scenarios" finished-at="2024-01-11T10:39:36Z" duration-ms="11482" status="PASS">
          <params>
            <param index="0">
              <value>
                <![CDATA["verify that the Electronic Quick access link"]]>
              </value>
            </param>
            <param index="1">
              <value>
                <![CDATA["Homepage tab verification"]]>
              </value>
            </param>
          </params>
          <reporter-output>
          </reporter-output>
        </test-method> <!-- runScenario -->
        <test-method signature="runScenario(io.cucumber.testng.PickleWrapper, io.cucumber.testng.FeatureWrapper)[pri:0, instance:cucumberOptions.TestNGTestRunner@169bb4dd]" started-at="2024-01-11T10:39:36Z" name="runScenario" description="Runs Cucumber Scenarios" data-provider="scenarios" finished-at="2024-01-11T10:39:54Z" duration-ms="17586" status="PASS">
          <params>
            <param index="0">
              <value>
                <![CDATA["verify that the Electronic Quick access link"]]>
              </value>
            </param>
            <param index="1">
              <value>
                <![CDATA["Homepage tab verification"]]>
              </value>
            </param>
          </params>
          <reporter-output>
          </reporter-output>
        </test-method> <!-- runScenario -->
        <test-method signature="runScenario(io.cucumber.testng.PickleWrapper, io.cucumber.testng.FeatureWrapper)[pri:0, instance:cucumberOptions.TestNGTestRunner@169bb4dd]" started-at="2024-01-11T10:39:54Z" name="runScenario" description="Runs Cucumber Scenarios" data-provider="scenarios" finished-at="2024-01-11T10:40:04Z" duration-ms="9796" status="PASS">
          <params>
            <param index="0">
              <value>
                <![CDATA["verify that the Electronic Quick access link"]]>
              </value>
            </param>
            <param index="1">
              <value>
                <![CDATA["Homepage tab verification"]]>
              </value>
            </param>
          </params>
          <reporter-output>
          </reporter-output>
        </test-method> <!-- runScenario -->
        <test-method signature="runScenario(io.cucumber.testng.PickleWrapper, io.cucumber.testng.FeatureWrapper)[pri:0, instance:cucumberOptions.TestNGTestRunner@169bb4dd]" started-at="2024-01-11T10:40:04Z" name="runScenario" description="Runs Cucumber Scenarios" data-provider="scenarios" finished-at="2024-01-11T10:40:14Z" duration-ms="10029" status="PASS">
          <params>
            <param index="0">
              <value>
                <![CDATA["verify that the Electronic Quick access link"]]>
              </value>
            </param>
            <param index="1">
              <value>
                <![CDATA["Homepage tab verification"]]>
              </value>
            </param>
          </params>
          <reporter-output>
          </reporter-output>
        </test-method> <!-- runScenario -->
        <test-method signature="runScenario(io.cucumber.testng.PickleWrapper, io.cucumber.testng.FeatureWrapper)[pri:0, instance:cucumberOptions.TestNGTestRunner@169bb4dd]" started-at="2024-01-11T10:40:14Z" name="runScenario" description="Runs Cucumber Scenarios" data-provider="scenarios" finished-at="2024-01-11T10:40:24Z" duration-ms="10328" status="PASS">
          <params>
            <param index="0">
              <value>
                <![CDATA["verify that the Electronic Quick access link"]]>
              </value>
            </param>
            <param index="1">
              <value>
                <![CDATA["Homepage tab verification"]]>
              </value>
            </param>
          </params>
          <reporter-output>
          </reporter-output>
        </test-method> <!-- runScenario -->
        <test-method signature="runScenario(io.cucumber.testng.PickleWrapper, io.cucumber.testng.FeatureWrapper)[pri:0, instance:cucumberOptions.TestNGTestRunner@169bb4dd]" started-at="2024-01-11T10:40:24Z" name="runScenario" description="Runs Cucumber Scenarios" data-provider="scenarios" finished-at="2024-01-11T10:40:36Z" duration-ms="12023" status="PASS">
          <params>
            <param index="0">
              <value>
                <![CDATA["verify that the Electronic Quick access link"]]>
              </value>
            </param>
            <param index="1">
              <value>
                <![CDATA["Homepage tab verification"]]>
              </value>
            </param>
          </params>
          <reporter-output>
          </reporter-output>
        </test-method> <!-- runScenario -->
        <test-method signature="runScenario(io.cucumber.testng.PickleWrapper, io.cucumber.testng.FeatureWrapper)[pri:0, instance:cucumberOptions.TestNGTestRunner@169bb4dd]" started-at="2024-01-11T10:40:36Z" name="runScenario" description="Runs Cucumber Scenarios" data-provider="scenarios" finished-at="2024-01-11T10:40:47Z" duration-ms="11096" status="PASS">
          <params>
            <param index="0">
              <value>
                <![CDATA["verify that the Electronic Quick access link"]]>
              </value>
            </param>
            <param index="1">
              <value>
                <![CDATA["Homepage tab verification"]]>
              </value>
            </param>
          </params>
          <reporter-output>
          </reporter-output>
        </test-method> <!-- runScenario -->
        <test-method signature="runScenario(io.cucumber.testng.PickleWrapper, io.cucumber.testng.FeatureWrapper)[pri:0, instance:cucumberOptions.TestNGTestRunner@169bb4dd]" started-at="2024-01-11T10:40:47Z" name="runScenario" description="Runs Cucumber Scenarios" data-provider="scenarios" finished-at="2024-01-11T10:40:57Z" duration-ms="9998" status="PASS">
          <params>
            <param index="0">
              <value>
                <![CDATA["verify that the Electronic Quick access link"]]>
              </value>
            </param>
            <param index="1">
              <value>
                <![CDATA["Homepage tab verification"]]>
              </value>
            </param>
          </params>
          <reporter-output>
          </reporter-output>
        </test-method> <!-- runScenario -->
        <test-method signature="runScenario(io.cucumber.testng.PickleWrapper, io.cucumber.testng.FeatureWrapper)[pri:0, instance:cucumberOptions.TestNGTestRunner@169bb4dd]" started-at="2024-01-11T10:40:57Z" name="runScenario" description="Runs Cucumber Scenarios" data-provider="scenarios" finished-at="2024-01-11T10:41:10Z" duration-ms="12634" status="PASS">
          <params>
            <param index="0">
              <value>
                <![CDATA["verify that the Electronic Quick access link"]]>
              </value>
            </param>
            <param index="1">
              <value>
                <![CDATA["Homepage tab verification"]]>
              </value>
            </param>
          </params>
          <reporter-output>
          </reporter-output>
        </test-method> <!-- runScenario -->
        <test-method signature="runScenario(io.cucumber.testng.PickleWrapper, io.cucumber.testng.FeatureWrapper)[pri:0, instance:cucumberOptions.TestNGTestRunner@169bb4dd]" started-at="2024-01-11T10:41:10Z" name="runScenario" description="Runs Cucumber Scenarios" data-provider="scenarios" finished-at="2024-01-11T10:41:21Z" duration-ms="10707" status="PASS">
          <params>
            <param index="0">
              <value>
                <![CDATA["verify that the Electronic Quick access link"]]>
              </value>
            </param>
            <param index="1">
              <value>
                <![CDATA["Homepage tab verification"]]>
              </value>
            </param>
          </params>
          <reporter-output>
          </reporter-output>
        </test-method> <!-- runScenario -->
        <test-method signature="runScenario(io.cucumber.testng.PickleWrapper, io.cucumber.testng.FeatureWrapper)[pri:0, instance:cucumberOptions.TestNGTestRunner@169bb4dd]" started-at="2024-01-11T10:41:21Z" name="runScenario" description="Runs Cucumber Scenarios" data-provider="scenarios" finished-at="2024-01-11T10:41:31Z" duration-ms="10757" status="PASS">
          <params>
            <param index="0">
              <value>
                <![CDATA["verify that the Electronic Quick access link"]]>
              </value>
            </param>
            <param index="1">
              <value>
                <![CDATA["Homepage tab verification"]]>
              </value>
            </param>
          </params>
          <reporter-output>
          </reporter-output>
        </test-method> <!-- runScenario -->
        <test-method signature="runScenario(io.cucumber.testng.PickleWrapper, io.cucumber.testng.FeatureWrapper)[pri:0, instance:cucumberOptions.TestNGTestRunner@169bb4dd]" started-at="2024-01-11T10:41:31Z" name="runScenario" description="Runs Cucumber Scenarios" data-provider="scenarios" finished-at="2024-01-11T10:41:43Z" duration-ms="11340" status="PASS">
          <params>
            <param index="0">
              <value>
                <![CDATA["verify that the Electronic Quick access link"]]>
              </value>
            </param>
            <param index="1">
              <value>
                <![CDATA["Homepage tab verification"]]>
              </value>
            </param>
          </params>
          <reporter-output>
          </reporter-output>
        </test-method> <!-- runScenario -->
        <test-method signature="runScenario(io.cucumber.testng.PickleWrapper, io.cucumber.testng.FeatureWrapper)[pri:0, instance:cucumberOptions.TestNGTestRunner@169bb4dd]" started-at="2024-01-11T10:41:43Z" name="runScenario" description="Runs Cucumber Scenarios" data-provider="scenarios" finished-at="2024-01-11T10:41:53Z" duration-ms="10437" status="PASS">
          <params>
            <param index="0">
              <value>
                <![CDATA["verify that the Electronic Quick access link"]]>
              </value>
            </param>
            <param index="1">
              <value>
                <![CDATA["Homepage tab verification"]]>
              </value>
            </param>
          </params>
          <reporter-output>
          </reporter-output>
        </test-method> <!-- runScenario -->
        <test-method signature="runScenario(io.cucumber.testng.PickleWrapper, io.cucumber.testng.FeatureWrapper)[pri:0, instance:cucumberOptions.TestNGTestRunner@169bb4dd]" started-at="2024-01-11T10:41:53Z" name="runScenario" description="Runs Cucumber Scenarios" data-provider="scenarios" finished-at="2024-01-11T10:42:04Z" duration-ms="10499" status="PASS">
          <params>
            <param index="0">
              <value>
                <![CDATA["verify that the Electronic Quick access link"]]>
              </value>
            </param>
            <param index="1">
              <value>
                <![CDATA["Homepage tab verification"]]>
              </value>
            </param>
          </params>
          <reporter-output>
          </reporter-output>
        </test-method> <!-- runScenario -->
        <test-method signature="runScenario(io.cucumber.testng.PickleWrapper, io.cucumber.testng.FeatureWrapper)[pri:0, instance:cucumberOptions.TestNGTestRunner@169bb4dd]" started-at="2024-01-11T10:42:04Z" name="runScenario" description="Runs Cucumber Scenarios" data-provider="scenarios" finished-at="2024-01-11T10:42:15Z" duration-ms="10968" status="PASS">
          <params>
            <param index="0">
              <value>
                <![CDATA["verify that the Electronic Quick access link"]]>
              </value>
            </param>
            <param index="1">
              <value>
                <![CDATA["Homepage tab verification"]]>
              </value>
            </param>
          </params>
          <reporter-output>
          </reporter-output>
        </test-method> <!-- runScenario -->
        <test-method signature="runScenario(io.cucumber.testng.PickleWrapper, io.cucumber.testng.FeatureWrapper)[pri:0, instance:cucumberOptions.TestNGTestRunner@169bb4dd]" started-at="2024-01-11T10:42:15Z" name="runScenario" description="Runs Cucumber Scenarios" data-provider="scenarios" finished-at="2024-01-11T10:42:27Z" duration-ms="11786" status="PASS">
          <params>
            <param index="0">
              <value>
                <![CDATA["verify that the Electronic Quick access link"]]>
              </value>
            </param>
            <param index="1">
              <value>
                <![CDATA["Homepage tab verification"]]>
              </value>
            </param>
          </params>
          <reporter-output>
          </reporter-output>
        </test-method> <!-- runScenario -->
        <test-method signature="runScenario(io.cucumber.testng.PickleWrapper, io.cucumber.testng.FeatureWrapper)[pri:0, instance:cucumberOptions.TestNGTestRunner@169bb4dd]" started-at="2024-01-11T10:42:27Z" name="runScenario" description="Runs Cucumber Scenarios" data-provider="scenarios" finished-at="2024-01-11T10:42:39Z" duration-ms="12240" status="PASS">
          <params>
            <param index="0">
              <value>
                <![CDATA["verify that the mobile Quick access link"]]>
              </value>
            </param>
            <param index="1">
              <value>
                <![CDATA["Homepage tab verification"]]>
              </value>
            </param>
          </params>
          <reporter-output>
          </reporter-output>
        </test-method> <!-- runScenario -->
        <test-method signature="runScenario(io.cucumber.testng.PickleWrapper, io.cucumber.testng.FeatureWrapper)[pri:0, instance:cucumberOptions.TestNGTestRunner@169bb4dd]" started-at="2024-01-11T10:42:39Z" name="runScenario" description="Runs Cucumber Scenarios" data-provider="scenarios" finished-at="2024-01-11T10:42:50Z" duration-ms="11577" status="PASS">
          <params>
            <param index="0">
              <value>
                <![CDATA["verify that the mobile Quick access link"]]>
              </value>
            </param>
            <param index="1">
              <value>
                <![CDATA["Homepage tab verification"]]>
              </value>
            </param>
          </params>
          <reporter-output>
          </reporter-output>
        </test-method> <!-- runScenario -->
        <test-method signature="runScenario(io.cucumber.testng.PickleWrapper, io.cucumber.testng.FeatureWrapper)[pri:0, instance:cucumberOptions.TestNGTestRunner@169bb4dd]" started-at="2024-01-11T10:42:50Z" name="runScenario" description="Runs Cucumber Scenarios" data-provider="scenarios" finished-at="2024-01-11T10:43:01Z" duration-ms="10267" status="PASS">
          <params>
            <param index="0">
              <value>
                <![CDATA["verify that the mobile Quick access link"]]>
              </value>
            </param>
            <param index="1">
              <value>
                <![CDATA["Homepage tab verification"]]>
              </value>
            </param>
          </params>
          <reporter-output>
          </reporter-output>
        </test-method> <!-- runScenario -->
        <test-method signature="runScenario(io.cucumber.testng.PickleWrapper, io.cucumber.testng.FeatureWrapper)[pri:0, instance:cucumberOptions.TestNGTestRunner@169bb4dd]" started-at="2024-01-11T10:43:01Z" name="runScenario" description="Runs Cucumber Scenarios" data-provider="scenarios" finished-at="2024-01-11T10:43:12Z" duration-ms="11415" status="PASS">
          <params>
            <param index="0">
              <value>
                <![CDATA["verify that the mobile Quick access link"]]>
              </value>
            </param>
            <param index="1">
              <value>
                <![CDATA["Homepage tab verification"]]>
              </value>
            </param>
          </params>
          <reporter-output>
          </reporter-output>
        </test-method> <!-- runScenario -->
        <test-method signature="runScenario(io.cucumber.testng.PickleWrapper, io.cucumber.testng.FeatureWrapper)[pri:0, instance:cucumberOptions.TestNGTestRunner@169bb4dd]" started-at="2024-01-11T10:43:12Z" name="runScenario" description="Runs Cucumber Scenarios" data-provider="scenarios" finished-at="2024-01-11T10:43:25Z" duration-ms="12721" status="PASS">
          <params>
            <param index="0">
              <value>
                <![CDATA["verify that the mobile Quick access link"]]>
              </value>
            </param>
            <param index="1">
              <value>
                <![CDATA["Homepage tab verification"]]>
              </value>
            </param>
          </params>
          <reporter-output>
          </reporter-output>
        </test-method> <!-- runScenario -->
        <test-method signature="runScenario(io.cucumber.testng.PickleWrapper, io.cucumber.testng.FeatureWrapper)[pri:0, instance:cucumberOptions.TestNGTestRunner@169bb4dd]" started-at="2024-01-11T10:43:25Z" name="runScenario" description="Runs Cucumber Scenarios" data-provider="scenarios" finished-at="2024-01-11T10:43:36Z" duration-ms="11185" status="PASS">
          <params>
            <param index="0">
              <value>
                <![CDATA["verify that the new releases Quick access link"]]>
              </value>
            </param>
            <param index="1">
              <value>
                <![CDATA["Homepage tab verification"]]>
              </value>
            </param>
          </params>
          <reporter-output>
          </reporter-output>
        </test-method> <!-- runScenario -->
        <test-method signature="runScenario(io.cucumber.testng.PickleWrapper, io.cucumber.testng.FeatureWrapper)[pri:0, instance:cucumberOptions.TestNGTestRunner@169bb4dd]" started-at="2024-01-11T10:43:36Z" name="runScenario" description="Runs Cucumber Scenarios" data-provider="scenarios" finished-at="2024-01-11T10:43:46Z" duration-ms="10279" status="PASS">
          <params>
            <param index="0">
              <value>
                <![CDATA["verify that the new releases Quick access link"]]>
              </value>
            </param>
            <param index="1">
              <value>
                <![CDATA["Homepage tab verification"]]>
              </value>
            </param>
          </params>
          <reporter-output>
          </reporter-output>
        </test-method> <!-- runScenario -->
        <test-method signature="runScenario(io.cucumber.testng.PickleWrapper, io.cucumber.testng.FeatureWrapper)[pri:0, instance:cucumberOptions.TestNGTestRunner@169bb4dd]" started-at="2024-01-11T10:43:46Z" name="runScenario" description="Runs Cucumber Scenarios" data-provider="scenarios" finished-at="2024-01-11T10:43:57Z" duration-ms="10506" status="PASS">
          <params>
            <param index="0">
              <value>
                <![CDATA["verify that the new releases Quick access link"]]>
              </value>
            </param>
            <param index="1">
              <value>
                <![CDATA["Homepage tab verification"]]>
              </value>
            </param>
          </params>
          <reporter-output>
          </reporter-output>
        </test-method> <!-- runScenario -->
        <test-method signature="runScenario(io.cucumber.testng.PickleWrapper, io.cucumber.testng.FeatureWrapper)[pri:0, instance:cucumberOptions.TestNGTestRunner@169bb4dd]" started-at="2024-01-11T10:43:57Z" name="runScenario" description="Runs Cucumber Scenarios" data-provider="scenarios" finished-at="2024-01-11T10:44:07Z" duration-ms="9807" status="PASS">
          <params>
            <param index="0">
              <value>
                <![CDATA["verify that the new releases Quick access link"]]>
              </value>
            </param>
            <param index="1">
              <value>
                <![CDATA["Homepage tab verification"]]>
              </value>
            </param>
          </params>
          <reporter-output>
          </reporter-output>
        </test-method> <!-- runScenario -->
        <test-method signature="runScenario(io.cucumber.testng.PickleWrapper, io.cucumber.testng.FeatureWrapper)[pri:0, instance:cucumberOptions.TestNGTestRunner@169bb4dd]" started-at="2024-01-11T10:44:07Z" name="runScenario" description="Runs Cucumber Scenarios" data-provider="scenarios" finished-at="2024-01-11T10:44:17Z" duration-ms="10257" status="PASS">
          <params>
            <param index="0">
              <value>
                <![CDATA["verify that the new releases Quick access link"]]>
              </value>
            </param>
            <param index="1">
              <value>
                <![CDATA["Homepage tab verification"]]>
              </value>
            </param>
          </params>
          <reporter-output>
          </reporter-output>
        </test-method> <!-- runScenario -->
        <test-method signature="runScenario(io.cucumber.testng.PickleWrapper, io.cucumber.testng.FeatureWrapper)[pri:0, instance:cucumberOptions.TestNGTestRunner@169bb4dd]" started-at="2024-01-11T10:44:17Z" name="runScenario" description="Runs Cucumber Scenarios" data-provider="scenarios" finished-at="2024-01-11T10:44:27Z" duration-ms="10440" status="PASS">
          <params>
            <param index="0">
              <value>
                <![CDATA["verify that the new releases Quick access link"]]>
              </value>
            </param>
            <param index="1">
              <value>
                <![CDATA["Homepage tab verification"]]>
              </value>
            </param>
          </params>
          <reporter-output>
          </reporter-output>
        </test-method> <!-- runScenario -->
        <test-method signature="runScenario(io.cucumber.testng.PickleWrapper, io.cucumber.testng.FeatureWrapper)[pri:0, instance:cucumberOptions.TestNGTestRunner@169bb4dd]" started-at="2024-01-11T10:44:27Z" name="runScenario" description="Runs Cucumber Scenarios" data-provider="scenarios" finished-at="2024-01-11T10:44:37Z" duration-ms="9898" status="PASS">
          <params>
            <param index="0">
              <value>
                <![CDATA["verify that the new releases Quick access link"]]>
              </value>
            </param>
            <param index="1">
              <value>
                <![CDATA["Homepage tab verification"]]>
              </value>
            </param>
          </params>
          <reporter-output>
          </reporter-output>
        </test-method> <!-- runScenario -->
        <test-method signature="runScenario(io.cucumber.testng.PickleWrapper, io.cucumber.testng.FeatureWrapper)[pri:0, instance:cucumberOptions.TestNGTestRunner@169bb4dd]" started-at="2024-01-11T10:44:37Z" name="runScenario" description="Runs Cucumber Scenarios" data-provider="scenarios" finished-at="2024-01-11T10:44:48Z" duration-ms="10266" status="PASS">
          <params>
            <param index="0">
              <value>
                <![CDATA["verify that the new releases Quick access link"]]>
              </value>
            </param>
            <param index="1">
              <value>
                <![CDATA["Homepage tab verification"]]>
              </value>
            </param>
          </params>
          <reporter-output>
          </reporter-output>
        </test-method> <!-- runScenario -->
        <test-method signature="runScenario(io.cucumber.testng.PickleWrapper, io.cucumber.testng.FeatureWrapper)[pri:0, instance:cucumberOptions.TestNGTestRunner@169bb4dd]" started-at="2024-01-11T10:44:48Z" name="runScenario" description="Runs Cucumber Scenarios" data-provider="scenarios" finished-at="2024-01-11T10:44:59Z" duration-ms="11560" status="PASS">
          <params>
            <param index="0">
              <value>
                <![CDATA["verify that the new releases Quick access link"]]>
              </value>
            </param>
            <param index="1">
              <value>
                <![CDATA["Homepage tab verification"]]>
              </value>
            </param>
          </params>
          <reporter-output>
          </reporter-output>
        </test-method> <!-- runScenario -->
        <test-method signature="runScenario(io.cucumber.testng.PickleWrapper, io.cucumber.testng.FeatureWrapper)[pri:0, instance:cucumberOptions.TestNGTestRunner@169bb4dd]" started-at="2024-01-11T10:44:59Z" name="runScenario" description="Runs Cucumber Scenarios" data-provider="scenarios" finished-at="2024-01-11T10:45:10Z" duration-ms="11189" status="PASS">
          <params>
            <param index="0">
              <value>
                <![CDATA["verify that the new releases Quick access link"]]>
              </value>
            </param>
            <param index="1">
              <value>
                <![CDATA["Homepage tab verification"]]>
              </value>
            </param>
          </params>
          <reporter-output>
          </reporter-output>
        </test-method> <!-- runScenario -->
        <test-method signature="runScenario(io.cucumber.testng.PickleWrapper, io.cucumber.testng.FeatureWrapper)[pri:0, instance:cucumberOptions.TestNGTestRunner@169bb4dd]" started-at="2024-01-11T10:45:10Z" name="runScenario" description="Runs Cucumber Scenarios" data-provider="scenarios" finished-at="2024-01-11T10:45:21Z" duration-ms="10500" status="PASS">
          <params>
            <param index="0">
              <value>
                <![CDATA["verify that the new releases Quick access link"]]>
              </value>
            </param>
            <param index="1">
              <value>
                <![CDATA["Homepage tab verification"]]>
              </value>
            </param>
          </params>
          <reporter-output>
          </reporter-output>
        </test-method> <!-- runScenario -->
        <test-method signature="runScenario(io.cucumber.testng.PickleWrapper, io.cucumber.testng.FeatureWrapper)[pri:0, instance:cucumberOptions.TestNGTestRunner@169bb4dd]" started-at="2024-01-11T10:45:21Z" name="runScenario" description="Runs Cucumber Scenarios" data-provider="scenarios" finished-at="2024-01-11T10:45:34Z" duration-ms="13161" status="PASS">
          <params>
            <param index="0">
              <value>
                <![CDATA["verify that the new releases Quick access link"]]>
              </value>
            </param>
            <param index="1">
              <value>
                <![CDATA["Homepage tab verification"]]>
              </value>
            </param>
          </params>
          <reporter-output>
          </reporter-output>
        </test-method> <!-- runScenario -->
        <test-method signature="runScenario(io.cucumber.testng.PickleWrapper, io.cucumber.testng.FeatureWrapper)[pri:0, instance:cucumberOptions.TestNGTestRunner@169bb4dd]" started-at="2024-01-11T10:45:34Z" name="runScenario" description="Runs Cucumber Scenarios" data-provider="scenarios" finished-at="2024-01-11T10:45:45Z" duration-ms="11470" status="PASS">
          <params>
            <param index="0">
              <value>
                <![CDATA["verify that the new releases Quick access link"]]>
              </value>
            </param>
            <param index="1">
              <value>
                <![CDATA["Homepage tab verification"]]>
              </value>
            </param>
          </params>
          <reporter-output>
          </reporter-output>
        </test-method> <!-- runScenario -->
        <test-method signature="runScenario(io.cucumber.testng.PickleWrapper, io.cucumber.testng.FeatureWrapper)[pri:0, instance:cucumberOptions.TestNGTestRunner@169bb4dd]" started-at="2024-01-11T10:45:45Z" name="runScenario" description="Runs Cucumber Scenarios" data-provider="scenarios" finished-at="2024-01-11T10:45:55Z" duration-ms="9769" status="PASS">
          <params>
            <param index="0">
              <value>
                <![CDATA["verify that the new releases Quick access link"]]>
              </value>
            </param>
            <param index="1">
              <value>
                <![CDATA["Homepage tab verification"]]>
              </value>
            </param>
          </params>
          <reporter-output>
          </reporter-output>
        </test-method> <!-- runScenario -->
        <test-method signature="runScenario(io.cucumber.testng.PickleWrapper, io.cucumber.testng.FeatureWrapper)[pri:0, instance:cucumberOptions.TestNGTestRunner@169bb4dd]" started-at="2024-01-11T10:45:55Z" name="runScenario" description="Runs Cucumber Scenarios" data-provider="scenarios" finished-at="2024-01-11T10:46:06Z" duration-ms="10456" status="PASS">
          <params>
            <param index="0">
              <value>
                <![CDATA["verify that the new releases Quick access link"]]>
              </value>
            </param>
            <param index="1">
              <value>
                <![CDATA["Homepage tab verification"]]>
              </value>
            </param>
          </params>
          <reporter-output>
          </reporter-output>
        </test-method> <!-- runScenario -->
        <test-method signature="runScenario(io.cucumber.testng.PickleWrapper, io.cucumber.testng.FeatureWrapper)[pri:0, instance:cucumberOptions.TestNGTestRunner@169bb4dd]" started-at="2024-01-11T10:46:06Z" name="runScenario" description="Runs Cucumber Scenarios" data-provider="scenarios" finished-at="2024-01-11T10:46:18Z" duration-ms="12288" status="PASS">
          <params>
            <param index="0">
              <value>
                <![CDATA["verify that the new releases Quick access link"]]>
              </value>
            </param>
            <param index="1">
              <value>
                <![CDATA["Homepage tab verification"]]>
              </value>
            </param>
          </params>
          <reporter-output>
          </reporter-output>
        </test-method> <!-- runScenario -->
        <test-method signature="runScenario(io.cucumber.testng.PickleWrapper, io.cucumber.testng.FeatureWrapper)[pri:0, instance:cucumberOptions.TestNGTestRunner@169bb4dd]" started-at="2024-01-11T10:46:18Z" name="runScenario" description="Runs Cucumber Scenarios" data-provider="scenarios" finished-at="2024-01-11T10:46:29Z" duration-ms="10851" status="PASS">
          <params>
            <param index="0">
              <value>
                <![CDATA["verify that the new releases Quick access link"]]>
              </value>
            </param>
            <param index="1">
              <value>
                <![CDATA["Homepage tab verification"]]>
              </value>
            </param>
          </params>
          <reporter-output>
          </reporter-output>
        </test-method> <!-- runScenario -->
        <test-method signature="runScenario(io.cucumber.testng.PickleWrapper, io.cucumber.testng.FeatureWrapper)[pri:0, instance:cucumberOptions.TestNGTestRunner@169bb4dd]" started-at="2024-01-11T10:46:29Z" name="runScenario" description="Runs Cucumber Scenarios" data-provider="scenarios" finished-at="2024-01-11T10:46:43Z" duration-ms="14247" status="PASS">
          <params>
            <param index="0">
              <value>
                <![CDATA["verify that the new releases Quick access link"]]>
              </value>
            </param>
            <param index="1">
              <value>
                <![CDATA["Homepage tab verification"]]>
              </value>
            </param>
          </params>
          <reporter-output>
          </reporter-output>
        </test-method> <!-- runScenario -->
        <test-method signature="runScenario(io.cucumber.testng.PickleWrapper, io.cucumber.testng.FeatureWrapper)[pri:0, instance:cucumberOptions.TestNGTestRunner@169bb4dd]" started-at="2024-01-11T10:46:43Z" name="runScenario" description="Runs Cucumber Scenarios" data-provider="scenarios" finished-at="2024-01-11T10:46:54Z" duration-ms="10800" status="PASS">
          <params>
            <param index="0">
              <value>
                <![CDATA["verify that the new releases Quick access link"]]>
              </value>
            </param>
            <param index="1">
              <value>
                <![CDATA["Homepage tab verification"]]>
              </value>
            </param>
          </params>
          <reporter-output>
          </reporter-output>
        </test-method> <!-- runScenario -->
        <test-method signature="runScenario(io.cucumber.testng.PickleWrapper, io.cucumber.testng.FeatureWrapper)[pri:0, instance:cucumberOptions.TestNGTestRunner@169bb4dd]" started-at="2024-01-11T10:46:54Z" name="runScenario" description="Runs Cucumber Scenarios" data-provider="scenarios" finished-at="2024-01-11T10:47:04Z" duration-ms="10291" status="PASS">
          <params>
            <param index="0">
              <value>
                <![CDATA["verify that the new releases Quick access link"]]>
              </value>
            </param>
            <param index="1">
              <value>
                <![CDATA["Homepage tab verification"]]>
              </value>
            </param>
          </params>
          <reporter-output>
          </reporter-output>
        </test-method> <!-- runScenario -->
        <test-method signature="runScenario(io.cucumber.testng.PickleWrapper, io.cucumber.testng.FeatureWrapper)[pri:0, instance:cucumberOptions.TestNGTestRunner@169bb4dd]" started-at="2024-01-11T10:47:04Z" name="runScenario" description="Runs Cucumber Scenarios" data-provider="scenarios" finished-at="2024-01-11T10:47:15Z" duration-ms="10302" status="PASS">
          <params>
            <param index="0">
              <value>
                <![CDATA["verify that the new releases Quick access link"]]>
              </value>
            </param>
            <param index="1">
              <value>
                <![CDATA["Homepage tab verification"]]>
              </value>
            </param>
          </params>
          <reporter-output>
          </reporter-output>
        </test-method> <!-- runScenario -->
        <test-method signature="runScenario(io.cucumber.testng.PickleWrapper, io.cucumber.testng.FeatureWrapper)[pri:0, instance:cucumberOptions.TestNGTestRunner@169bb4dd]" started-at="2024-01-11T10:47:15Z" name="runScenario" description="Runs Cucumber Scenarios" data-provider="scenarios" finished-at="2024-01-11T10:47:25Z" duration-ms="10583" status="PASS">
          <params>
            <param index="0">
              <value>
                <![CDATA["verify that the new releases Quick access link"]]>
              </value>
            </param>
            <param index="1">
              <value>
                <![CDATA["Homepage tab verification"]]>
              </value>
            </param>
          </params>
          <reporter-output>
          </reporter-output>
        </test-method> <!-- runScenario -->
        <test-method signature="runScenario(io.cucumber.testng.PickleWrapper, io.cucumber.testng.FeatureWrapper)[pri:0, instance:cucumberOptions.TestNGTestRunner@169bb4dd]" started-at="2024-01-11T10:47:25Z" name="runScenario" description="Runs Cucumber Scenarios" data-provider="scenarios" finished-at="2024-01-11T10:47:35Z" duration-ms="10205" status="PASS">
          <params>
            <param index="0">
              <value>
                <![CDATA["verify that the new releases Quick access link"]]>
              </value>
            </param>
            <param index="1">
              <value>
                <![CDATA["Homepage tab verification"]]>
              </value>
            </param>
          </params>
          <reporter-output>
          </reporter-output>
        </test-method> <!-- runScenario -->
        <test-method signature="runScenario(io.cucumber.testng.PickleWrapper, io.cucumber.testng.FeatureWrapper)[pri:0, instance:cucumberOptions.TestNGTestRunner@169bb4dd]" started-at="2024-01-11T10:47:35Z" name="runScenario" description="Runs Cucumber Scenarios" data-provider="scenarios" finished-at="2024-01-11T10:47:51Z" duration-ms="15808" status="PASS">
          <params>
            <param index="0">
              <value>
                <![CDATA["verify that the new releases Quick access link"]]>
              </value>
            </param>
            <param index="1">
              <value>
                <![CDATA["Homepage tab verification"]]>
              </value>
            </param>
          </params>
          <reporter-output>
          </reporter-output>
        </test-method> <!-- runScenario -->
        <test-method signature="runScenario(io.cucumber.testng.PickleWrapper, io.cucumber.testng.FeatureWrapper)[pri:0, instance:cucumberOptions.TestNGTestRunner@169bb4dd]" started-at="2024-01-11T10:47:51Z" name="runScenario" description="Runs Cucumber Scenarios" data-provider="scenarios" finished-at="2024-01-11T10:48:02Z" duration-ms="10883" status="PASS">
          <params>
            <param index="0">
              <value>
                <![CDATA["verify that the new releases Quick access link"]]>
              </value>
            </param>
            <param index="1">
              <value>
                <![CDATA["Homepage tab verification"]]>
              </value>
            </param>
          </params>
          <reporter-output>
          </reporter-output>
        </test-method> <!-- runScenario -->
        <test-method signature="runScenario(io.cucumber.testng.PickleWrapper, io.cucumber.testng.FeatureWrapper)[pri:0, instance:cucumberOptions.TestNGTestRunner@169bb4dd]" started-at="2024-01-11T10:48:02Z" name="runScenario" description="Runs Cucumber Scenarios" data-provider="scenarios" finished-at="2024-01-11T10:48:15Z" duration-ms="12532" status="PASS">
          <params>
            <param index="0">
              <value>
                <![CDATA["verify that the Home & Kitchen Quick access link"]]>
              </value>
            </param>
            <param index="1">
              <value>
                <![CDATA["Homepage tab verification"]]>
              </value>
            </param>
          </params>
          <reporter-output>
          </reporter-output>
        </test-method> <!-- runScenario -->
        <test-method signature="runScenario(io.cucumber.testng.PickleWrapper, io.cucumber.testng.FeatureWrapper)[pri:0, instance:cucumberOptions.TestNGTestRunner@169bb4dd]" started-at="2024-01-11T10:48:15Z" name="runScenario" description="Runs Cucumber Scenarios" data-provider="scenarios" finished-at="2024-01-11T10:48:25Z" duration-ms="10539" status="PASS">
          <params>
            <param index="0">
              <value>
                <![CDATA["verify that the Home & Kitchen Quick access link"]]>
              </value>
            </param>
            <param index="1">
              <value>
                <![CDATA["Homepage tab verification"]]>
              </value>
            </param>
          </params>
          <reporter-output>
          </reporter-output>
        </test-method> <!-- runScenario -->
        <test-method signature="runScenario(io.cucumber.testng.PickleWrapper, io.cucumber.testng.FeatureWrapper)[pri:0, instance:cucumberOptions.TestNGTestRunner@169bb4dd]" started-at="2024-01-11T10:48:25Z" name="runScenario" description="Runs Cucumber Scenarios" data-provider="scenarios" finished-at="2024-01-11T10:48:36Z" duration-ms="10994" status="PASS">
          <params>
            <param index="0">
              <value>
                <![CDATA["verify that the Home & Kitchen Quick access link"]]>
              </value>
            </param>
            <param index="1">
              <value>
                <![CDATA["Homepage tab verification"]]>
              </value>
            </param>
          </params>
          <reporter-output>
          </reporter-output>
        </test-method> <!-- runScenario -->
        <test-method signature="runScenario(io.cucumber.testng.PickleWrapper, io.cucumber.testng.FeatureWrapper)[pri:0, instance:cucumberOptions.TestNGTestRunner@169bb4dd]" started-at="2024-01-11T10:48:36Z" name="runScenario" description="Runs Cucumber Scenarios" data-provider="scenarios" finished-at="2024-01-11T10:48:48Z" duration-ms="11841" status="PASS">
          <params>
            <param index="0">
              <value>
                <![CDATA["verify that the Home & Kitchen Quick access link"]]>
              </value>
            </param>
            <param index="1">
              <value>
                <![CDATA["Homepage tab verification"]]>
              </value>
            </param>
          </params>
          <reporter-output>
          </reporter-output>
        </test-method> <!-- runScenario -->
        <test-method signature="runScenario(io.cucumber.testng.PickleWrapper, io.cucumber.testng.FeatureWrapper)[pri:0, instance:cucumberOptions.TestNGTestRunner@169bb4dd]" started-at="2024-01-11T10:48:48Z" name="runScenario" description="Runs Cucumber Scenarios" data-provider="scenarios" finished-at="2024-01-11T10:48:59Z" duration-ms="10742" status="PASS">
          <params>
            <param index="0">
              <value>
                <![CDATA["verify that the Home & Kitchen Quick access link"]]>
              </value>
            </param>
            <param index="1">
              <value>
                <![CDATA["Homepage tab verification"]]>
              </value>
            </param>
          </params>
          <reporter-output>
          </reporter-output>
        </test-method> <!-- runScenario -->
        <test-method signature="runScenario(io.cucumber.testng.PickleWrapper, io.cucumber.testng.FeatureWrapper)[pri:0, instance:cucumberOptions.TestNGTestRunner@169bb4dd]" started-at="2024-01-11T10:48:59Z" name="runScenario" description="Runs Cucumber Scenarios" data-provider="scenarios" finished-at="2024-01-11T10:49:09Z" duration-ms="9977" status="PASS">
          <params>
            <param index="0">
              <value>
                <![CDATA["verify that the Home & Kitchen Quick access link"]]>
              </value>
            </param>
            <param index="1">
              <value>
                <![CDATA["Homepage tab verification"]]>
              </value>
            </param>
          </params>
          <reporter-output>
          </reporter-output>
        </test-method> <!-- runScenario -->
        <test-method signature="runScenario(io.cucumber.testng.PickleWrapper, io.cucumber.testng.FeatureWrapper)[pri:0, instance:cucumberOptions.TestNGTestRunner@169bb4dd]" started-at="2024-01-11T10:49:09Z" name="runScenario" description="Runs Cucumber Scenarios" data-provider="scenarios" finished-at="2024-01-11T10:49:19Z" duration-ms="10444" status="PASS">
          <params>
            <param index="0">
              <value>
                <![CDATA["verify that the Home & Kitchen Quick access link"]]>
              </value>
            </param>
            <param index="1">
              <value>
                <![CDATA["Homepage tab verification"]]>
              </value>
            </param>
          </params>
          <reporter-output>
          </reporter-output>
        </test-method> <!-- runScenario -->
        <test-method signature="runScenario(io.cucumber.testng.PickleWrapper, io.cucumber.testng.FeatureWrapper)[pri:0, instance:cucumberOptions.TestNGTestRunner@169bb4dd]" started-at="2024-01-11T10:49:19Z" name="runScenario" description="Runs Cucumber Scenarios" data-provider="scenarios" finished-at="2024-01-11T10:49:30Z" duration-ms="11220" status="PASS">
          <params>
            <param index="0">
              <value>
                <![CDATA["verify that the Home & Kitchen Quick access link"]]>
              </value>
            </param>
            <param index="1">
              <value>
                <![CDATA["Homepage tab verification"]]>
              </value>
            </param>
          </params>
          <reporter-output>
          </reporter-output>
        </test-method> <!-- runScenario -->
        <test-method signature="runScenario(io.cucumber.testng.PickleWrapper, io.cucumber.testng.FeatureWrapper)[pri:0, instance:cucumberOptions.TestNGTestRunner@169bb4dd]" started-at="2024-01-11T10:49:30Z" name="runScenario" description="Runs Cucumber Scenarios" data-provider="scenarios" finished-at="2024-01-11T10:51:19Z" duration-ms="108507" status="FAIL">
          <params>
            <param index="0">
              <value>
                <![CDATA["verify that the Home & Kitchen Quick access link"]]>
              </value>
            </param>
            <param index="1">
              <value>
                <![CDATA["Homepage tab verification"]]>
              </value>
            </param>
          </params>
          <exception class="org.openqa.selenium.NoSuchElementException">
            <message>
              <![CDATA[no such element: Unable to locate element: {"method":"link text","selector":"Featured categories"}
  (Session info: chrome=120.0.6099.201)
For documentation on this error, please visit: https://www.selenium.dev/documentation/webdriver/troubleshooting/errors#no-such-element-exception
Build info: version: '4.11.0', revision: '040bc5406b'
System info: os.name: 'Windows 10', os.arch: 'amd64', os.version: '10.0', java.version: '21'
Driver info: org.openqa.selenium.chrome.ChromeDriver
Command: [e96408aadb263d0e44110ddbb10ef8c2, findElement {using=link text, value=Featured categories}]
Capabilities {acceptInsecureCerts: false, browserName: chrome, browserVersion: 120.0.6099.201, chrome: {chromedriverVersion: 120.0.6099.109 (3419140ab66..., userDataDir: C:\Users\hp\AppData\Local\T...}, fedcm:accounts: true, goog:chromeOptions: {debuggerAddress: localhost:56663}, networkConnectionEnabled: false, pageLoadStrategy: normal, platformName: windows, proxy: Proxy(), se:cdp: ws://localhost:56663/devtoo..., se:cdpVersion: 120.0.6099.201, setWindowRect: true, strictFileInteractability: false, timeouts: {implicit: 0, pageLoad: 300000, script: 30000}, unhandledPromptBehavior: dismiss and notify, webauthn:extension:credBlob: true, webauthn:extension:largeBlob: true, webauthn:extension:minPinLength: true, webauthn:extension:prf: true, webauthn:virtualAuthenticators: true}
Session ID: e96408aadb263d0e44110ddbb10ef8c2]]>
            </message>
            <full-stacktrace>
              <![CDATA[org.openqa.selenium.NoSuchElementException: no such element: Unable to locate element: {"method":"link text","selector":"Featured categories"}
  (Session info: chrome=120.0.6099.201)
For documentation on this error, please visit: https://www.selenium.dev/documentation/webdriver/troubleshooting/errors#no-such-element-exception
Build info: version: '4.11.0', revision: '040bc5406b'
System info: os.name: 'Windows 10', os.arch: 'amd64', os.version: '10.0', java.version: '21'
Driver info: org.openqa.selenium.chrome.ChromeDriver
Command: [e96408aadb263d0e44110ddbb10ef8c2, findElement {using=link text, value=Featured categories}]
Capabilities {acceptInsecureCerts: false, browserName: chrome, browserVersion: 120.0.6099.201, chrome: {chromedriverVersion: 120.0.6099.109 (3419140ab66..., userDataDir: C:\Users\hp\AppData\Local\T...}, fedcm:accounts: true, goog:chromeOptions: {debuggerAddress: localhost:56663}, networkConnectionEnabled: false, pageLoadStrategy: normal, platformName: windows, proxy: Proxy(), se:cdp: ws://localhost:56663/devtoo..., se:cdpVersion: 120.0.6099.201, setWindowRect: true, strictFileInteractability: false, timeouts: {implicit: 0, pageLoad: 300000, script: 30000}, unhandledPromptBehavior: dismiss and notify, webauthn:extension:credBlob: true, webauthn:extension:largeBlob: true, webauthn:extension:minPinLength: true, webauthn:extension:prf: true, webauthn:virtualAuthenticators: true}
Session ID: e96408aadb263d0e44110ddbb10ef8c2
at java.base/jdk.internal.reflect.DirectConstructorHandleAccessor.newInstance(DirectConstructorHandleAccessor.java:62)
at java.base/java.lang.reflect.Constructor.newInstanceWithCaller(Constructor.java:502)
at java.base/java.lang.reflect.Constructor.newInstance(Constructor.java:486)
at org.openqa.selenium.remote.codec.w3c.W3CHttpResponseCodec.createException(W3CHttpResponseCodec.java:200)
at org.openqa.selenium.remote.codec.w3c.W3CHttpResponseCodec.decode(W3CHttpResponseCodec.java:133)
at org.openqa.selenium.remote.codec.w3c.W3CHttpResponseCodec.decode(W3CHttpResponseCodec.java:52)
at org.openqa.selenium.remote.HttpCommandExecutor.execute(HttpCommandExecutor.java:191)
at org.openqa.selenium.remote.service.DriverCommandExecutor.invokeExecute(DriverCommandExecutor.java:196)
at org.openqa.selenium.remote.service.DriverCommandExecutor.execute(DriverCommandExecutor.java:171)
at org.openqa.selenium.remote.RemoteWebDriver.execute(RemoteWebDriver.java:518)
at org.openqa.selenium.remote.ElementLocation$ElementFinder$2.findElement(ElementLocation.java:165)
at org.openqa.selenium.remote.ElementLocation.findElement(ElementLocation.java:59)
at org.openqa.selenium.remote.RemoteWebDriver.findElement(RemoteWebDriver.java:355)
at org.openqa.selenium.remote.RemoteWebDriver.findElement(RemoteWebDriver.java:349)
at Pages.Login_page.clicksellerlink(Login_page.java:128)
[...]
          <params>
            <param index="0">
              <value>
                <![CDATA["verify that the Home & Kitchen Quick access link"]]>
              </value>
            </param>
            <param index="1">
              <value>
                <![CDATA["Homepage tab verification"]]>
              </value>
            </param>
          </params>
          <reporter-output>
          </reporter-output>
        </test-method> <!-- runScenario -->
        <test-method signature="runScenario(io.cucumber.testng.PickleWrapper, io.cucumber.testng.FeatureWrapper)[pri:0, instance:cucumberOptions.TestNGTestRunner@169bb4dd]" started-at="2024-01-11T10:57:55Z" name="runScenario" description="Runs Cucumber Scenarios" data-provider="scenarios" finished-at="2024-01-11T10:58:11Z" duration-ms="15256" status="PASS">
          <params>
            <param index="0">
              <value>
                <![CDATA["verify that the Home & Kitchen Quick access link"]]>
              </value>
            </param>
            <param index="1">
              <value>
                <![CDATA["Homepage tab verification"]]>
              </value>
            </param>
          </params>
          <reporter-output>
          </reporter-output>
        </test-method> <!-- runScenario -->
        <test-method signature="runScenario(io.cucumber.testng.PickleWrapper, io.cucumber.testng.FeatureWrapper)[pri:0, instance:cucumberOptions.TestNGTestRunner@169bb4dd]" started-at="2024-01-11T10:58:11Z" name="runScenario" description="Runs Cucumber Scenarios" data-provider="scenarios" finished-at="2024-01-11T10:58:28Z" duration-ms="17443" status="PASS">
          <params>
            <param index="0">
              <value>
                <![CDATA["verify that the Home & Kitchen Quick access link"]]>
              </value>
            </param>
            <param index="1">
              <value>
                <![CDATA["Homepage tab verification"]]>
              </value>
            </param>
          </params>
          <reporter-output>
          </reporter-output>
        </test-method> <!-- runScenario -->
        <test-method signature="runScenario(io.cucumber.testng.PickleWrapper, io.cucumber.testng.FeatureWrapper)[pri:0, instance:cucumberOptions.TestNGTestRunner@169bb4dd]" started-at="2024-01-11T10:58:28Z" name="runScenario" description="Runs Cucumber Scenarios" data-provider="scenarios" finished-at="2024-01-11T10:58:43Z" duration-ms="14707" status="PASS">
          <params>
            <param index="0">
              <value>
                <![CDATA["verify that the Home & Kitchen Quick access link"]]>
              </value>
            </param>
            <param index="1">
              <value>
                <![CDATA["Homepage tab verification"]]>
              </value>
            </param>
          </params>
          <reporter-output>
          </reporter-output>
        </test-method> <!-- runScenario -->
        <test-method signature="runScenario(io.cucumber.testng.PickleWrapper, io.cucumber.testng.FeatureWrapper)[pri:0, instance:cucumberOptions.TestNGTestRunner@169bb4dd]" started-at="2024-01-11T10:58:43Z" name="runScenario" description="Runs Cucumber Scenarios" data-provider="scenarios" finished-at="2024-01-11T10:59:00Z" duration-ms="17139" status="PASS">
          <params>
            <param index="0">
              <value>
                <![CDATA["verify that the Home & Kitchen Quick access link"]]>
              </value>
            </param>
            <param index="1">
              <value>
                <![CDATA["Homepage tab verification"]]>
              </value>
            </param>
          </params>
          <reporter-output>
          </reporter-output>
        </test-method> <!-- runScenario -->
        <test-method signature="runScenario(io.cucumber.testng.PickleWrapper, io.cucumber.testng.FeatureWrapper)[pri:0, instance:cucumberOptions.TestNGTestRunner@169bb4dd]" started-at="2024-01-11T10:59:00Z" name="runScenario" description="Runs Cucumber Scenarios" data-provider="scenarios" finished-at="2024-01-11T10:59:14Z" duration-ms="14292" status="PASS">
          <params>
            <param index="0">
              <value>
                <![CDATA["verify that the Home & Kitchen Quick access link"]]>
              </value>
            </param>
            <param index="1">
              <value>
                <![CDATA["Homepage tab verification"]]>
              </value>
            </param>
          </params>
          <reporter-output>
          </reporter-output>
        </test-method> <!-- runScenario -->
        <test-method signature="runScenario(io.cucumber.testng.PickleWrapper, io.cucumber.testng.FeatureWrapper)[pri:0, instance:cucumberOptions.TestNGTestRunner@169bb4dd]" started-at="2024-01-11T10:59:14Z" name="runScenario" description="Runs Cucumber Scenarios" data-provider="scenarios" finished-at="2024-01-11T10:59:30Z" duration-ms="15468" status="PASS">
          <params>
            <param index="0">
              <value>
                <![CDATA["verify that the Home & Kitchen Quick access link"]]>
              </value>
            </param>
            <param index="1">
              <value>
                <![CDATA["Homepage tab verification"]]>
              </value>
            </param>
          </params>
          <reporter-output>
          </reporter-output>
        </test-method> <!-- runScenario -->
        <test-method signature="runScenario(io.cucumber.testng.PickleWrapper, io.cucumber.testng.FeatureWrapper)[pri:0, instance:cucumberOptions.TestNGTestRunner@169bb4dd]" started-at="2024-01-11T10:59:30Z" name="runScenario" description="Runs Cucumber Scenarios" data-provider="scenarios" finished-at="2024-01-11T10:59:44Z" duration-ms="14473" status="PASS">
          <params>
            <param index="0">
              <value>
                <![CDATA["verify that the Home & Kitchen Quick access link"]]>
              </value>
            </param>
            <param index="1">
              <value>
                <![CDATA["Homepage tab verification"]]>
              </value>
            </param>
          </params>
          <reporter-output>
          </reporter-output>
        </test-method> <!-- runScenario -->
        <test-method signature="runScenario(io.cucumber.testng.PickleWrapper, io.cucumber.testng.FeatureWrapper)[pri:0, instance:cucumberOptions.TestNGTestRunner@169bb4dd]" started-at="2024-01-11T10:59:44Z" name="runScenario" description="Runs Cucumber Scenarios" data-provider="scenarios" finished-at="2024-01-11T10:59:58Z" duration-ms="13368" status="PASS">
          <params>
            <param index="0">
              <value>
                <![CDATA["verify that the Home & Kitchen Quick access link"]]>
              </value>
            </param>
            <param index="1">
              <value>
                <![CDATA["Homepage tab verification"]]>
              </value>
            </param>
          </params>
          <reporter-output>
          </reporter-output>
        </test-method> <!-- runScenario -->
        <test-method signature="runScenario(io.cucumber.testng.PickleWrapper, io.cucumber.testng.FeatureWrapper)[pri:0, instance:cucumberOptions.TestNGTestRunner@169bb4dd]" started-at="2024-01-11T10:59:58Z" name="runScenario" description="Runs Cucumber Scenarios" data-provider="scenarios" finished-at="2024-01-11T11:00:11Z" duration-ms="13689" status="PASS">
          <params>
            <param index="0">
              <value>
                <![CDATA["verify that the Home & Kitchen Quick access link"]]>
              </value>
            </param>
            <param index="1">
              <value>
                <![CDATA["Homepage tab verification"]]>
              </value>
            </param>
          </params>
          <reporter-output>
          </reporter-output>
        </test-method> <!-- runScenario -->
        <test-method signature="runScenario(io.cucumber.testng.PickleWrapper, io.cucumber.testng.FeatureWrapper)[pri:0, instance:cucumberOptions.TestNGTestRunner@169bb4dd]" started-at="2024-01-11T11:00:11Z" name="runScenario" description="Runs Cucumber Scenarios" data-provider="scenarios" finished-at="2024-01-11T11:00:25Z" duration-ms="13994" status="PASS">
          <params>
            <param index="0">
              <value>
                <![CDATA["verify that the Home & Kitchen Quick access link"]]>
              </value>
            </param>
            <param index="1">
              <value>
                <![CDATA["Homepage tab verification"]]>
              </value>
            </param>
          </params>
          <reporter-output>
          </reporter-output>
        </test-method> <!-- runScenario -->
        <test-method signature="runScenario(io.cucumber.testng.PickleWrapper, io.cucumber.testng.FeatureWrapper)[pri:0, instance:cucumberOptions.TestNGTestRunner@169bb4dd]" started-at="2024-01-11T11:00:25Z" name="runScenario" description="Runs Cucumber Scenarios" data-provider="scenarios" finished-at="2024-01-11T11:00:38Z" duration-ms="12528" status="PASS">
          <params>
            <param index="0">
              <value>
                <![CDATA["verify that the Home & Kitchen Quick access link"]]>
              </value>
            </param>
            <param index="1">
              <value>
                <![CDATA["Homepage tab verification"]]>
              </value>
            </param>
          </params>
          <reporter-output>
          </reporter-output>
        </test-method> <!-- runScenario -->
        <test-method signature="runScenario(io.cucumber.testng.PickleWrapper, io.cucumber.testng.FeatureWrapper)[pri:0, instance:cucumberOptions.TestNGTestRunner@169bb4dd]" started-at="2024-01-11T11:00:38Z" name="runScenario" description="Runs Cucumber Scenarios" data-provider="scenarios" finished-at="2024-01-11T11:00:51Z" duration-ms="13599" status="PASS">
          <params>
            <param index="0">
              <value>
                <![CDATA["verify that the Home & Kitchen Quick access link"]]>
              </value>
            </param>
            <param index="1">
              <value>
                <![CDATA["Homepage tab verification"]]>
              </value>
            </param>
          </params>
          <reporter-output>
          </reporter-output>
        </test-method> <!-- runScenario -->
        <test-method signature="runScenario(io.cucumber.testng.PickleWrapper, io.cucumber.testng.FeatureWrapper)[pri:0, instance:cucumberOptions.TestNGTestRunner@169bb4dd]" started-at="2024-01-11T11:00:51Z" name="runScenario" description="Runs Cucumber Scenarios" data-provider="scenarios" finished-at="2024-01-11T11:01:04Z" duration-ms="12643" status="PASS">
          <params>
            <param index="0">
              <value>
                <![CDATA["verify that the Home & Kitchen Quick access link"]]>
              </value>
            </param>
            <param index="1">
              <value>
                <![CDATA["Homepage tab verification"]]>
              </value>
            </param>
          </params>
          <reporter-output>
          </reporter-output>
        </test-method> <!-- runScenario -->
        <test-method signature="runScenario(io.cucumber.testng.PickleWrapper, io.cucumber.testng.FeatureWrapper)[pri:0, instance:cucumberOptions.TestNGTestRunner@169bb4dd]" started-at="2024-01-11T11:01:04Z" name="runScenario" description="Runs Cucumber Scenarios" data-provider="scenarios" finished-at="2024-01-11T11:01:16Z" duration-ms="12101" status="PASS">
          <params>
            <param index="0">
              <value>
                <![CDATA["verify that the Home & Kitchen Quick access link"]]>
              </value>
            </param>
            <param index="1">
              <value>
                <![CDATA["Homepage tab verification"]]>
              </value>
            </param>
          </params>
          <reporter-output>
          </reporter-output>
        </test-method> <!-- runScenario -->
        <test-method signature="runScenario(io.cucumber.testng.PickleWrapper, io.cucumber.testng.FeatureWrapper)[pri:0, instance:cucumberOptions.TestNGTestRunner@169bb4dd]" started-at="2024-01-11T11:01:16Z" name="runScenario" description="Runs Cucumber Scenarios" data-provider="scenarios" finished-at="2024-01-11T11:01:30Z" duration-ms="14186" status="PASS">
          <params>
            <param index="0">
              <value>
                <![CDATA["verify that the Home & Kitchen Quick access link"]]>
              </value>
            </param>
            <param index="1">
              <value>
                <![CDATA["Homepage tab verification"]]>
              </value>
            </param>
          </params>
          <reporter-output>
          </reporter-output>
        </test-method> <!-- runScenario -->
        <test-method signature="runScenario(io.cucumber.testng.PickleWrapper, io.cucumber.testng.FeatureWrapper)[pri:0, instance:cucumberOptions.TestNGTestRunner@169bb4dd]" started-at="2024-01-11T11:01:30Z" name="runScenario" description="Runs Cucumber Scenarios" data-provider="scenarios" finished-at="2024-01-11T11:01:43Z" duration-ms="12570" status="PASS">
          <params>
            <param index="0">
              <value>
                <![CDATA["verify that the Home & Kitchen Quick access link"]]>
              </value>
            </param>
            <param index="1">
              <value>
                <![CDATA["Homepage tab verification"]]>
              </value>
            </param>
          </params>
          <reporter-output>
          </reporter-output>
        </test-method> <!-- runScenario -->
        <test-method signature="runScenario(io.cucumber.testng.PickleWrapper, io.cucumber.testng.FeatureWrapper)[pri:0, instance:cucumberOptions.TestNGTestRunner@169bb4dd]" started-at="2024-01-11T11:01:43Z" name="runScenario" description="Runs Cucumber Scenarios" data-provider="scenarios" finished-at="2024-01-11T11:01:55Z" duration-ms="11824" status="PASS">
          <params>
            <param index="0">
              <value>
                <![CDATA["verify that the Home & Kitchen Quick access link"]]>
              </value>
            </param>
            <param index="1">
              <value>
                <![CDATA["Homepage tab verification"]]>
              </value>
            </param>
          </params>
          <reporter-output>
          </reporter-output>
        </test-method> <!-- runScenario -->
        <test-method signature="runScenario(io.cucumber.testng.PickleWrapper, io.cucumber.testng.FeatureWrapper)[pri:0, instance:cucumberOptions.TestNGTestRunner@169bb4dd]" started-at="2024-01-11T11:01:55Z" name="runScenario" description="Runs Cucumber Scenarios" data-provider="scenarios" finished-at="2024-01-11T11:02:08Z" duration-ms="13006" status="PASS">
          <params>
            <param index="0">
              <value>
                <![CDATA["verify that the Home & Kitchen Quick access link"]]>
              </value>
            </param>
            <param index="1">
              <value>
                <![CDATA["Homepage tab verification"]]>
              </value>
            </param>
          </params>
          <reporter-output>
          </reporter-output>
        </test-method> <!-- runScenario -->
        <test-method signature="runScenario(io.cucumber.testng.PickleWrapper, io.cucumber.testng.FeatureWrapper)[pri:0, instance:cucumberOptions.TestNGTestRunner@169bb4dd]" started-at="2024-01-11T11:02:08Z" name="runScenario" description="Runs Cucumber Scenarios" data-provider="scenarios" finished-at="2024-01-11T11:02:20Z" duration-ms="12099" status="PASS">
          <params>
            <param index="0">
              <value>
                <![CDATA["verify that the Home & Kitchen Quick access link"]]>
              </value>
            </param>
            <param index="1">
              <value>
                <![CDATA["Homepage tab verification"]]>
              </value>
            </param>
          </params>
          <reporter-output>
          </reporter-output>
        </test-method> <!-- runScenario -->
        <test-method is-config="true" signature="tearDownClass()[pri:0, instance:cucumberOptions.TestNGTestRunner@169bb4dd]" started-at="2024-01-11T11:02:20Z" name="tearDownClass" finished-at="2024-01-11T11:02:30Z" duration-ms="10127" status="FAIL">
          <exception class="java.lang.OutOfMemoryError">
            <message>
              <![CDATA[Java heap space]]>
            </message>
            <full-stacktrace>
              <![CDATA[java.lang.OutOfMemoryError: Java heap space
at java.base/java.util.Base64$Encoder.encodeToString(Base64.java:350)
at io.cucumber.core.plugin.JsonFormatter.createEmbeddingMap(JsonFormatter.java:436)
at io.cucumber.core.plugin.JsonFormatter.addEmbeddingToHookMap(JsonFormatter.java:341)
at io.cucumber.core.plugin.JsonFormatter.handleEmbed(JsonFormatter.java:138)
at io.cucumber.core.plugin.JsonFormatter$$Lambda/0x000002283c1d5e30.receive(Unknown Source)
at io.cucumber.core.eventbus.AbstractEventPublisher.send(AbstractEventPublisher.java:51)
at io.cucumber.core.eventbus.AbstractEventPublisher.sendAll(AbstractEventPublisher.java:36)
at io.cucumber.core.plugin.CanonicalOrderEventPublisher.handle(CanonicalOrderEventPublisher.java:18)
at io.cucumber.core.plugin.Plugins$$Lambda/0x000002283c1d4458.receive(Unknown Source)
at io.cucumber.core.eventbus.AbstractEventPublisher.send(AbstractEventPublisher.java:44)
at io.cucumber.core.eventbus.AbstractEventBus.send(AbstractEventBus.java:12)
at io.cucumber.core.runtime.SynchronizedEventBus.send(SynchronizedEventBus.java:47)
at io.cucumber.core.runtime.CucumberExecutionContext.emitTestRunFinished(CucumberExecutionContext.java:131)
at io.cucumber.core.runtime.CucumberExecutionContext.finishTestRun(CucumberExecutionContext.java:118)
at io.cucumber.testng.TestNGCucumberRunner.finish(TestNGCucumberRunner.java:145)
at io.cucumber.testng.AbstractTestNGCucumberTests.tearDownClass(AbstractTestNGCucumberTests.java:57)
at java.base/java.lang.invoke.LambdaForm$DMH/0x000002283c084000.invokeVirtual(LambdaForm$DMH)
at java.base/java.lang.invoke.LambdaForm$MH/0x000002283c01e000.invoke(LambdaForm$MH)
at java.base/java.lang.invoke.Invokers$Holder.invokeExact_MT(Invokers$Holder)
at java.base/jdk.internal.reflect.DirectMethodHandleAccessor.invokeImpl(DirectMethodHandleAccessor.java:153)
at java.base/jdk.internal.reflect.DirectMethodHandleAccessor.invoke(DirectMethodHandleAccessor.java:103)
at java.base/java.lang.reflect.Method.invoke(Method.java:580)
at org.testng.internal.MethodInvocationHelper.invokeMethod(MethodInvocationHelper.java:124)
at org.testng.internal.MethodInvocationHelper.invokeMethodConsideringTimeout(MethodInvocationHelper.java:59)
at org.testng.internal.Invoker.invokeConfigurationMethod(Invoker.java:458)
at org.testng.internal.Invoker.invokeConfigurations(Invoker.java:222)
at org.testng.internal.Invoker.invokeConfigurations(Invoker.java:142)
at org.testng.internal.TestMethodWorker.invokeAfterClassMethods(TestMethodWorker.java:214)
at org.testng.internal.TestMethodWorker.run(TestMethodWorker.java:111)
at org.testng.TestRunner.privateRun(TestRunner.java:648)
at org.testng.TestRunner.run(TestRunner.java:505)
at org.testng.SuiteRunner.runTest(SuiteRunner.java:455)
]]>
            </full-stacktrace>
          </exception> <!-- java.lang.OutOfMemoryError -->
          <reporter-output>
          </reporter-output>
        </test-method> <!-- tearDownClass -->
      </class> <!-- cucumberOptions.TestNGTestRunner -->
    </test> <!-- Default test -->
  </suite> <!-- Default suite -->
</testng-results>
