<?xml version="1.0" encoding="UTF-8"?>
<testng-results ignored="0" total="1" passed="1" failed="0" skipped="0">
  <reporter-output>
  </reporter-output>
  <suite started-at="2024-01-04T11:00:16Z" name="Default suite" finished-at="2024-01-04T11:01:46Z" duration-ms="89536">
    <groups>
      <group name="cucumber">
        <method signature="AbstractTestNGCucumberTests.runScenario(io.cucumber.testng.PickleWrapper, io.cucumber.testng.FeatureWrapper)[pri:0, instance:cucumberOptions.TestNGTestRunner@169bb4dd]" name="runScenario" class="io.cucumber.testng.AbstractTestNGCucumberTests"/>
      </group> <!-- cucumber -->
    </groups>
    <test started-at="2024-01-04T11:00:16Z" name="Default test" finished-at="2024-01-04T11:01:46Z" duration-ms="89536">
      <class name="cucumberOptions.TestNGTestRunner">
        <test-method is-config="true" signature="setUpClass(org.testng.ITestContext)[pri:0, instance:cucumberOptions.TestNGTestRunner@169bb4dd]" started-at="2024-01-04T11:00:17Z" name="setUpClass" finished-at="2024-01-04T11:00:54Z" duration-ms="37935" status="PASS">
          <params>
            <param index="0">
              <value>
                <![CDATA[org.testng.TestRunner@5d1a859c]]>
              </value>
            </param>
          </params>
          <reporter-output>
          </reporter-output>
        </test-method> <!-- setUpClass -->
        <test-method signature="runScenario(io.cucumber.testng.PickleWrapper, io.cucumber.testng.FeatureWrapper)[pri:0, instance:cucumberOptions.TestNGTestRunner@169bb4dd]" started-at="2024-01-04T11:00:55Z" name="runScenario" description="Runs Cucumber Scenarios" data-provider="scenarios" finished-at="2024-01-04T11:01:38Z" duration-ms="43182" status="PASS">
          <params>
            <param index="0">
              <value>
                <![CDATA["Verify that the title tab link are navigating to desired page"]]>
              </value>
            </param>
            <param index="1">
              <value>
                <![CDATA["Homepage tab verification"]]>
              </value>
            </param>
          </params>
          <reporter-output>
          </reporter-output>
        </test-method> <!-- runScenario -->
        <test-method is-config="true" signature="tearDownClass()[pri:0, instance:cucumberOptions.TestNGTestRunner@169bb4dd]" started-at="2024-01-04T11:01:38Z" name="tearDownClass" finished-at="2024-01-04T11:01:46Z" duration-ms="8211" status="PASS">
          <reporter-output>
          </reporter-output>
        </test-method> <!-- tearDownClass -->
      </class> <!-- cucumberOptions.TestNGTestRunner -->
    </test> <!-- Default test -->
  </suite> <!-- Default suite -->
</testng-results>
