<?xml version="1.0" encoding="UTF-8"?>
<!-- Generated by org.testng.reporters.JUnitReportReporter -->
<testsuite hostname="DESKTOP-KL4K1GD" failures="0" tests="141" name="cucumberOptions.TestNGTestRunner" time="1868.503" errors="2" timestamp="11 Jan 2024 11:02:33 GMT" skipped="0">
  <testcase classname="cucumberOptions.TestNGTestRunner" name="runScenario" time="11.298"/>
  <testcase classname="cucumberOptions.TestNGTestRunner" name="runScenario" time="13.368"/>
  <testcase classname="cucumberOptions.TestNGTestRunner" name="runScenario" time="14.186"/>
  <testcase classname="cucumberOptions.TestNGTestRunner" name="runScenario" time="12.099"/>
  <testcase classname="cucumberOptions.TestNGTestRunner" name="runScenario" time="15.038"/>
  <testcase classname="cucumberOptions.TestNGTestRunner" name="runScenario" time="14.100"/>
  <testcase classname="cucumberOptions.TestNGTestRunner" name="runScenario" time="10.302"/>
  <testcase classname="cucumberOptions.TestNGTestRunner" name="runScenario" time="10.205"/>
  <testcase classname="cucumberOptions.TestNGTestRunner" name="runScenario" time="11.838"/>
  <testcase classname="cucumberOptions.TestNGTestRunner" name="runScenario" time="11.524"/>
  <testcase classname="cucumberOptions.TestNGTestRunner" name="runScenario" time="12.234"/>
  <testcase classname="cucumberOptions.TestNGTestRunner" name="runScenario" time="13.645"/>
  <testcase classname="cucumberOptions.TestNGTestRunner" name="runScenario" time="12.187"/>
  <testcase classname="cucumberOptions.TestNGTestRunner" name="runScenario" time="12.605"/>
  <testcase classname="cucumberOptions.TestNGTestRunner" name="runScenario" time="11.825"/>
  <testcase classname="cucumberOptions.TestNGTestRunner" name="runScenario" time="11.977"/>
  <testcase classname="cucumberOptions.TestNGTestRunner" name="runScenario" time="11.189"/>
  <testcase classname="cucumberOptions.TestNGTestRunner" name="runScenario" time="15.172"/>
  <testcase classname="cucumberOptions.TestNGTestRunner" name="runScenario" time="9.998"/>
  <testcase classname="cucumberOptions.TestNGTestRunner" name="runScenario" time="10.787"/>
  <testcase classname="cucumberOptions.TestNGTestRunner" name="runScenario" time="11.584"/>
  <testcase classname="cucumberOptions.TestNGTestRunner" name="runScenario" time="10.750"/>
  <testcase classname="cucumberOptions.TestNGTestRunner" name="runScenario" time="13.011"/>
  <testcase classname="cucumberOptions.TestNGTestRunner" name="runScenario" time="12.234"/>
  <testcase classname="cucumberOptions.TestNGTestRunner" name="runScenario" time="10.515"/>
  <testcase classname="cucumberOptions.TestNGTestRunner" name="runScenario" time="13.741"/>
  <testcase classname="cucumberOptions.TestNGTestRunner" name="runScenario" time="9.807"/>
  <testcase classname="cucumberOptions.TestNGTestRunner" name="runScenario" time="11.735"/>
  <testcase classname="cucumberOptions.TestNGTestRunner" name="runScenario" time="12.728"/>
  <testcase classname="cucumberOptions.TestNGTestRunner" name="runScenario" time="13.474"/>
  <testcase classname="cucumberOptions.TestNGTestRunner" name="runScenario" time="13.020"/>
  <testcase classname="cucumberOptions.TestNGTestRunner" name="runScenario" time="12.528"/>
  <testcase classname="cucumberOptions.TestNGTestRunner" name="runScenario" time="13.599"/>
  <testcase classname="cucumberOptions.TestNGTestRunner" name="runScenario" time="12.583"/>
  <testcase classname="cucumberOptions.TestNGTestRunner" name="runScenario" time="11.482"/>
  <testcase classname="cucumberOptions.TestNGTestRunner" name="runScenario" time="8.610"/>
  <testcase classname="cucumberOptions.TestNGTestRunner" name="runScenario" time="12.437"/>
  <testcase classname="cucumberOptions.TestNGTestRunner" name="runScenario" time="12.721"/>
  <testcase classname="cucumberOptions.TestNGTestRunner" name="runScenario" time="13.726"/>
  <testcase classname="cucumberOptions.TestNGTestRunner" name="runScenario" time="11.786"/>
  <testcase classname="cucumberOptions.TestNGTestRunner" name="runScenario" time="11.560"/>
  <testcase classname="cucumberOptions.TestNGTestRunner" name="runScenario" time="11.340"/>
  <testcase classname="cucumberOptions.TestNGTestRunner" name="runScenario" time="15.256"/>
  <testcase classname="cucumberOptions.TestNGTestRunner" name="runScenario" time="108.507">
    <error message="no such element: Unable to locate element: {&quot;method&quot;:&quot;link text&quot;,&quot;selector&quot;:&quot;Featured categories&quot;}
  (Session info: chrome=120.0.6099.201)
For documentation on this error, please visit: https://www.selenium.dev/documentation/webdriver/troubleshooting/errors#no-such-element-exception
Build info: version: &#039;4.11.0&#039;, revision: &#039;040bc5406b&#039;
System info: os.name: &#039;Windows 10&#039;, os.arch: &#039;amd64&#039;, os.version: &#039;10.0&#039;, java.version: &#039;21&#039;
Driver info: org.openqa.selenium.chrome.ChromeDriver
Command: [e96408aadb263d0e44110ddbb10ef8c2, findElement {using=link text, value=Featured categories}]
Capabilities {acceptInsecureCerts: false, browserName: chrome, browserVersion: 120.0.6099.201, chrome: {chromedriverVersion: 120.0.6099.109 (3419140ab66..., userDataDir: C:\Users\hp\AppData\Local\T...}, fedcm:accounts: true, goog:chromeOptions: {debuggerAddress: localhost:56663}, networkConnectionEnabled: false, pageLoadStrategy: normal, platformName: windows, proxy: Proxy(), se:cdp: ws://localhost:56663/devtoo..., se:cdpVersion: 120.0.6099.201, setWindowRect: true, strictFileInteractability: false, timeouts: {implicit: 0, pageLoad: 300000, script: 30000}, unhandledPromptBehavior: dismiss and notify, webauthn:extension:credBlob: true, webauthn:extension:largeBlob: true, webauthn:extension:minPinLength: true, webauthn:extension:prf: true, webauthn:virtualAuthenticators: true}
Session ID: e96408aadb263d0e44110ddbb10ef8c2" type="org.openqa.selenium.NoSuchElementException">
      <![CDATA[org.openqa.selenium.NoSuchElementException: no such element: Unable to locate element: {"method":"link text","selector":"Featured categories"}
  (Session info: chrome=120.0.6099.201)
For documentation on this error, please visit: https://www.selenium.dev/documentation/webdriver/troubleshooting/errors#no-such-element-exception
Build info: version: '4.11.0', revision: '040bc5406b'
System info: os.name: 'Windows 10', os.arch: 'amd64', os.version: '10.0', java.version: '21'
Driver info: org.openqa.selenium.chrome.ChromeDriver
Command: [e96408aadb263d0e44110ddbb10ef8c2, findElement {using=link text, value=Featured categories}]
Capabilities {acceptInsecureCerts: false, browserName: chrome, browserVersion: 120.0.6099.201, chrome: {chromedriverVersion: 120.0.6099.109 (3419140ab66..., userDataDir: C:\Users\hp\AppData\Local\T...}, fedcm:accounts: true, goog:chromeOptions: {debuggerAddress: localhost:56663}, networkConnectionEnabled: false, pageLoadStrategy: normal, platformName: windows, proxy: Proxy(), se:cdp: ws://localhost:56663/devtoo..., se:cdpVersion: 120.0.6099.201, setWindowRect: true, strictFileInteractability: false, timeouts: {implicit: 0, pageLoad: 300000, script: 30000}, unhandledPromptBehavior: dismiss and notify, webauthn:extension:credBlob: true, webauthn:extension:largeBlob: true, webauthn:extension:minPinLength: true, webauthn:extension:prf: true, webauthn:virtualAuthenticators: true}
Session ID: e96408aadb263d0e44110ddbb10ef8c2
at java.base/jdk.internal.reflect.DirectConstructorHandleAccessor.newInstance(DirectConstructorHandleAccessor.java:62)
at java.base/java.lang.reflect.Constructor.newInstanceWithCaller(Constructor.java:502)
at java.base/java.lang.reflect.Constructor.newInstance(Constructor.java:486)
at org.openqa.selenium.remote.codec.w3c.W3CHttpResponseCodec.createException(W3CHttpResponseCodec.java:200)
at org.openqa.selenium.remote.codec.w3c.W3CHttpResponseCodec.decode(W3CHttpResponseCodec.java:133)
at org.openqa.selenium.remote.codec.w3c.W3CHttpResponseCodec.decode(W3CHttpResponseCodec.java:52)
at org.openqa.selenium.remote.HttpCommandExecutor.execute(HttpCommandExecutor.java:191)
at org.openqa.selenium.remote.service.DriverCommandExecutor.invokeExecute(DriverCommandExecutor.java:196)
at org.openqa.selenium.remote.service.DriverCommandExecutor.execute(DriverCommandExecutor.java:171)
at org.openqa.selenium.remote.RemoteWebDriver.execute(RemoteWebDriver.java:518)
at org.openqa.selenium.remote.ElementLocation$ElementFinder$2.findElement(ElementLocation.java:165)
at org.openqa.selenium.remote.ElementLocation.findElement(ElementLocation.java:59)
at org.openqa.selenium.remote.RemoteWebDriver.findElement(RemoteWebDriver.java:355)
at org.openqa.selenium.remote.RemoteWebDriver.findElement(RemoteWebDriver.java:349)
at Pages.Login_page.clicksellerlink(Login_page.java:128)
at stepDefinitions.Amazone_homepage_Steps.verify_that_the_Best_seller_Quick_access_link(Amazone_homepage_Steps.java:66)
at ✽.user click on "Featured categories" link(file:///D:/Automation/Automation_Test/src/test/java/features/Home_page.feature:140)
]]>
    </error>
  </testcase> <!-- runScenario -->
  <testcase classname="cucumberOptions.TestNGTestRunner" name="runScenario" time="17.586"/>
  <testcase classname="cucumberOptions.TestNGTestRunner" name="runScenario" time="10.279"/>
  <testcase classname="cucumberOptions.TestNGTestRunner" name="runScenario" time="12.240"/>
  <testcase classname="cucumberOptions.TestNGTestRunner" name="runScenario" time="10.456"/>
  <testcase classname="cucumberOptions.TestNGTestRunner" name="runScenario" time="14.217"/>
  <testcase classname="cucumberOptions.TestNGTestRunner" name="runScenario" time="17.139"/>
  <testcase classname="cucumberOptions.TestNGTestRunner" name="runScenario" time="10.266"/>
  <testcase classname="cucumberOptions.TestNGTestRunner" name="runScenario" time="10.707"/>
  <testcase classname="cucumberOptions.TestNGTestRunner" name="runScenario" time="10.607"/>
  <testcase classname="cucumberOptions.TestNGTestRunner" name="runScenario" time="10.563"/>
  <testcase classname="cucumberOptions.TestNGTestRunner" name="runScenario" time="12.288"/>
  <testcase classname="cucumberOptions.TestNGTestRunner" name="runScenario" time="10.029"/>
  <testcase classname="cucumberOptions.TestNGTestRunner" name="runScenario" time="12.626"/>
  <testcase classname="cucumberOptions.TestNGTestRunner" name="runScenario" time="11.270"/>
  <testcase classname="cucumberOptions.TestNGTestRunner" name="runScenario" time="17.443"/>
  <testcase classname="cucumberOptions.TestNGTestRunner" name="runScenario" time="11.224"/>
  <testcase classname="cucumberOptions.TestNGTestRunner" name="runScenario" time="14.439"/>
  <testcase classname="cucumberOptions.TestNGTestRunner" name="runScenario" time="12.585"/>
  <testcase classname="cucumberOptions.TestNGTestRunner" name="runScenario" time="70.858"/>
  <testcase classname="cucumberOptions.TestNGTestRunner" name="tearDownClass" time="10.127">
    <error message="Java heap space" type="java.lang.OutOfMemoryError">
      <![CDATA[java.lang.OutOfMemoryError: Java heap space
at java.base/java.util.Base64$Encoder.encodeToString(Base64.java:350)
at io.cucumber.core.plugin.JsonFormatter.createEmbeddingMap(JsonFormatter.java:436)
at io.cucumber.core.plugin.JsonFormatter.addEmbeddingToHookMap(JsonFormatter.java:341)
at io.cucumber.core.plugin.JsonFormatter.handleEmbed(JsonFormatter.java:138)
at io.cucumber.core.plugin.JsonFormatter$$Lambda/0x000002283c1d5e30.receive(Unknown Source)
at io.cucumber.core.eventbus.AbstractEventPublisher.send(AbstractEventPublisher.java:51)
at io.cucumber.core.eventbus.AbstractEventPublisher.sendAll(AbstractEventPublisher.java:36)
at io.cucumber.core.plugin.CanonicalOrderEventPublisher.handle(CanonicalOrderEventPublisher.java:18)
at io.cucumber.core.plugin.Plugins$$Lambda/0x000002283c1d4458.receive(Unknown Source)
at io.cucumber.core.eventbus.AbstractEventPublisher.send(AbstractEventPublisher.java:44)
at io.cucumber.core.eventbus.AbstractEventBus.send(AbstractEventBus.java:12)
at io.cucumber.core.runtime.SynchronizedEventBus.send(SynchronizedEventBus.java:47)
at io.cucumber.core.runtime.CucumberExecutionContext.emitTestRunFinished(CucumberExecutionContext.java:131)
at io.cucumber.core.runtime.CucumberExecutionContext.finishTestRun(CucumberExecutionContext.java:118)
at io.cucumber.testng.TestNGCucumberRunner.finish(TestNGCucumberRunner.java:145)
at io.cucumber.testng.AbstractTestNGCucumberTests.tearDownClass(AbstractTestNGCucumberTests.java:57)
at java.base/java.lang.invoke.LambdaForm$DMH/0x000002283c084000.invokeVirtual(LambdaForm$DMH)
at java.base/java.lang.invoke.LambdaForm$MH/0x000002283c01e000.invoke(LambdaForm$MH)
at java.base/java.lang.invoke.Invokers$Holder.invokeExact_MT(Invokers$Holder)
at java.base/jdk.internal.reflect.DirectMethodHandleAccessor.invokeImpl(DirectMethodHandleAccessor.java:153)
at java.base/jdk.internal.reflect.DirectMethodHandleAccessor.invoke(DirectMethodHandleAccessor.java:103)
at java.base/java.lang.reflect.Method.invoke(Method.java:580)
at org.testng.internal.MethodInvocationHelper.invokeMethod(MethodInvocationHelper.java:124)
at org.testng.internal.MethodInvocationHelper.invokeMethodConsideringTimeout(MethodInvocationHelper.java:59)
at org.testng.internal.Invoker.invokeConfigurationMethod(Invoker.java:458)
at org.testng.internal.Invoker.invokeConfigurations(Invoker.java:222)
at org.testng.internal.Invoker.invokeConfigurations(Invoker.java:142)
at org.testng.internal.TestMethodWorker.invokeAfterClassMethods(TestMethodWorker.java:214)
at org.testng.internal.TestMethodWorker.run(TestMethodWorker.java:111)
at org.testng.TestRunner.privateRun(TestRunner.java:648)
at org.testng.TestRunner.run(TestRunner.java:505)
at org.testng.SuiteRunner.runTest(SuiteRunner.java:455)
]]>
    </error>
  </testcase> <!-- tearDownClass -->
  <testcase classname="cucumberOptions.TestNGTestRunner" name="runScenario" time="10.540"/>
  <testcase classname="cucumberOptions.TestNGTestRunner" name="runScenario" time="10.437"/>
  <testcase classname="cucumberOptions.TestNGTestRunner" name="runScenario" time="12.604"/>
  <testcase classname="cucumberOptions.TestNGTestRunner" name="runScenario" time="10.506"/>
  <testcase classname="cucumberOptions.TestNGTestRunner" name="runScenario" time="12.674"/>
  <testcase classname="cucumberOptions.TestNGTestRunner" name="runScenario" time="13.525"/>
  <testcase classname="cucumberOptions.TestNGTestRunner" name="runScenario" time="10.257"/>
  <testcase classname="cucumberOptions.TestNGTestRunner" name="runScenario" time="12.368"/>
  <testcase classname="cucumberOptions.TestNGTestRunner" name="runScenario" time="11.824"/>
  <testcase classname="cucumberOptions.TestNGTestRunner" name="runScenario" time="10.328"/>
  <testcase classname="cucumberOptions.TestNGTestRunner" name="runScenario" time="12.023"/>
  <testcase classname="cucumberOptions.TestNGTestRunner" name="runScenario" time="13.689"/>
  <testcase classname="cucumberOptions.TestNGTestRunner" name="runScenario" time="10.500"/>
  <testcase classname="cucumberOptions.TestNGTestRunner" name="runScenario" time="10.539"/>
  <testcase classname="cucumberOptions.TestNGTestRunner" name="runScenario" time="11.051"/>
  <testcase classname="cucumberOptions.TestNGTestRunner" name="runScenario" time="11.336"/>
  <testcase classname="cucumberOptions.TestNGTestRunner" name="runScenario" time="13.259"/>
  <testcase classname="cucumberOptions.TestNGTestRunner" name="runScenario" time="14.292"/>
  <testcase classname="cucumberOptions.TestNGTestRunner" name="runScenario" time="10.883"/>
  <testcase classname="cucumberOptions.TestNGTestRunner" name="runScenario" time="12.449"/>
  <testcase classname="cucumberOptions.TestNGTestRunner" name="runScenario" time="11.728"/>
  <testcase classname="cucumberOptions.TestNGTestRunner" name="runScenario" time="11.413"/>
  <testcase classname="cucumberOptions.TestNGTestRunner" name="runScenario" time="12.162"/>
  <testcase classname="cucumberOptions.TestNGTestRunner" name="runScenario" time="12.433"/>
  <testcase classname="cucumberOptions.TestNGTestRunner" name="runScenario" time="12.056"/>
  <testcase classname="cucumberOptions.TestNGTestRunner" name="runScenario" time="12.948"/>
  <testcase classname="cucumberOptions.TestNGTestRunner" name="runScenario" time="9.796"/>
  <testcase classname="cucumberOptions.TestNGTestRunner" name="runScenario" time="10.851"/>
  <testcase classname="cucumberOptions.TestNGTestRunner" name="runScenario" time="10.583"/>
  <testcase classname="cucumberOptions.TestNGTestRunner" name="runScenario" time="12.532"/>
  <testcase classname="cucumberOptions.TestNGTestRunner" name="runScenario" time="13.364"/>
  <testcase classname="cucumberOptions.TestNGTestRunner" name="runScenario" time="11.220"/>
  <testcase classname="cucumberOptions.TestNGTestRunner" name="runScenario" time="14.707"/>
  <testcase classname="cucumberOptions.TestNGTestRunner" name="runScenario" time="15.315"/>
  <testcase classname="cucumberOptions.TestNGTestRunner" name="runScenario" time="10.499"/>
  <testcase classname="cucumberOptions.TestNGTestRunner" name="runScenario" time="12.564"/>
  <testcase classname="cucumberOptions.TestNGTestRunner" name="runScenario" time="11.841"/>
  <testcase classname="cucumberOptions.TestNGTestRunner" name="runScenario" time="12.962"/>
  <testcase classname="cucumberOptions.TestNGTestRunner" name="runScenario" time="10.800"/>
  <testcase classname="cucumberOptions.TestNGTestRunner" name="runScenario" time="12.101"/>
  <testcase classname="cucumberOptions.TestNGTestRunner" name="runScenario" time="14.415"/>
  <testcase classname="cucumberOptions.TestNGTestRunner" name="runScenario" time="12.634"/>
  <testcase classname="cucumberOptions.TestNGTestRunner" name="runScenario" time="13.161"/>
  <testcase classname="cucumberOptions.TestNGTestRunner" name="runScenario" time="12.170"/>
  <testcase classname="cucumberOptions.TestNGTestRunner" name="runScenario" time="15.468"/>
  <testcase classname="cucumberOptions.TestNGTestRunner" name="runScenario" time="10.440"/>
  <testcase classname="cucumberOptions.TestNGTestRunner" name="runScenario" time="12.870"/>
  <testcase classname="cucumberOptions.TestNGTestRunner" name="runScenario" time="14.247"/>
  <testcase classname="cucumberOptions.TestNGTestRunner" name="runScenario" time="9.769"/>
  <testcase classname="cucumberOptions.TestNGTestRunner" name="runScenario" time="14.473"/>
  <testcase classname="cucumberOptions.TestNGTestRunner" name="runScenario" time="10.994"/>
  <testcase classname="cucumberOptions.TestNGTestRunner" name="runScenario" time="10.742"/>
  <testcase classname="cucumberOptions.TestNGTestRunner" name="runScenario" time="12.696"/>
  <testcase classname="cucumberOptions.TestNGTestRunner" name="runScenario" time="11.096"/>
  <testcase classname="cucumberOptions.TestNGTestRunner" name="runScenario" time="9.977"/>
  <testcase classname="cucumberOptions.TestNGTestRunner" name="runScenario" time="9.898"/>
  <testcase classname="cucumberOptions.TestNGTestRunner" name="runScenario" time="12.781"/>
  <testcase classname="cucumberOptions.TestNGTestRunner" name="runScenario" time="12.696"/>
  <testcase classname="cucumberOptions.TestNGTestRunner" name="runScenario" time="12.045"/>
  <testcase classname="cucumberOptions.TestNGTestRunner" name="runScenario" time="13.082"/>
  <testcase classname="cucumberOptions.TestNGTestRunner" name="runScenario" time="11.577"/>
  <testcase classname="cucumberOptions.TestNGTestRunner" name="runScenario" time="10.267"/>
  <testcase classname="cucumberOptions.TestNGTestRunner" name="runScenario" time="11.185"/>
  <testcase classname="cucumberOptions.TestNGTestRunner" name="runScenario" time="12.263"/>
  <testcase classname="cucumberOptions.TestNGTestRunner" name="runScenario" time="12.643"/>
  <testcase classname="cucumberOptions.TestNGTestRunner" name="runScenario" time="11.415"/>
  <testcase classname="cucumberOptions.TestNGTestRunner" name="runScenario" time="15.808"/>
  <testcase classname="cucumberOptions.TestNGTestRunner" name="runScenario" time="13.994"/>
  <testcase classname="cucumberOptions.TestNGTestRunner" name="runScenario" time="10.291"/>
  <testcase classname="cucumberOptions.TestNGTestRunner" name="runScenario" time="13.006"/>
  <testcase classname="cucumberOptions.TestNGTestRunner" name="runScenario" time="14.064"/>
  <testcase classname="cucumberOptions.TestNGTestRunner" name="runScenario" time="11.470"/>
  <testcase classname="cucumberOptions.TestNGTestRunner" name="runScenario" time="11.908"/>
  <testcase classname="cucumberOptions.TestNGTestRunner" name="runScenario" time="10.757"/>
  <testcase classname="cucumberOptions.TestNGTestRunner" name="runScenario" time="10.444"/>
  <testcase classname="cucumberOptions.TestNGTestRunner" name="runScenario" time="12.570"/>
  <testcase classname="cucumberOptions.TestNGTestRunner" name="runScenario" time="10.968"/>
</testsuite> <!-- cucumberOptions.TestNGTestRunner -->
