<?xml version="1.0" encoding="UTF-8"?>
<!-- Generated by org.testng.reporters.JUnitReportReporter -->
<testsuite hostname="DESKTOP-KL4K1GD" failures="0" tests="141" name="cucumberOptions.TestNGTestRunner" time="1951.504" errors="2" timestamp="10 Jan 2024 13:45:15 GMT" skipped="0">
  <testcase classname="cucumberOptions.TestNGTestRunner" name="runScenario" time="10.712"/>
  <testcase classname="cucumberOptions.TestNGTestRunner" name="runScenario" time="106.407"/>
  <testcase classname="cucumberOptions.TestNGTestRunner" name="runScenario" time="16.399"/>
  <testcase classname="cucumberOptions.TestNGTestRunner" name="runScenario" time="12.085"/>
  <testcase classname="cucumberOptions.TestNGTestRunner" name="runScenario" time="12.728"/>
  <testcase classname="cucumberOptions.TestNGTestRunner" name="runScenario" time="13.839"/>
  <testcase classname="cucumberOptions.TestNGTestRunner" name="runScenario" time="11.711"/>
  <testcase classname="cucumberOptions.TestNGTestRunner" name="runScenario" time="10.232"/>
  <testcase classname="cucumberOptions.TestNGTestRunner" name="runScenario" time="10.863"/>
  <testcase classname="cucumberOptions.TestNGTestRunner" name="runScenario" time="10.844"/>
  <testcase classname="cucumberOptions.TestNGTestRunner" name="runScenario" time="10.264"/>
  <testcase classname="cucumberOptions.TestNGTestRunner" name="runScenario" time="19.549"/>
  <testcase classname="cucumberOptions.TestNGTestRunner" name="runScenario" time="10.406"/>
  <testcase classname="cucumberOptions.TestNGTestRunner" name="runScenario" time="14.372"/>
  <testcase classname="cucumberOptions.TestNGTestRunner" name="runScenario" time="13.288"/>
  <testcase classname="cucumberOptions.TestNGTestRunner" name="runScenario" time="10.876"/>
  <testcase classname="cucumberOptions.TestNGTestRunner" name="runScenario" time="12.089"/>
  <testcase classname="cucumberOptions.TestNGTestRunner" name="runScenario" time="11.153"/>
  <testcase classname="cucumberOptions.TestNGTestRunner" name="runScenario" time="12.755"/>
  <testcase classname="cucumberOptions.TestNGTestRunner" name="runScenario" time="12.178"/>
  <testcase classname="cucumberOptions.TestNGTestRunner" name="runScenario" time="13.389"/>
  <testcase classname="cucumberOptions.TestNGTestRunner" name="runScenario" time="12.275"/>
  <testcase classname="cucumberOptions.TestNGTestRunner" name="runScenario" time="10.850"/>
  <testcase classname="cucumberOptions.TestNGTestRunner" name="runScenario" time="12.898"/>
  <testcase classname="cucumberOptions.TestNGTestRunner" name="runScenario" time="12.770"/>
  <testcase classname="cucumberOptions.TestNGTestRunner" name="runScenario" time="13.166"/>
  <testcase classname="cucumberOptions.TestNGTestRunner" name="runScenario" time="14.509"/>
  <testcase classname="cucumberOptions.TestNGTestRunner" name="runScenario" time="11.070"/>
  <testcase classname="cucumberOptions.TestNGTestRunner" name="tearDownClass" time="19.882">
    <error message="Java heap space" type="java.lang.OutOfMemoryError">
      <![CDATA[java.lang.OutOfMemoryError: Java heap space
at java.base/java.util.Base64$Encoder.encodeToString(Base64.java:350)
at io.cucumber.core.plugin.JsonFormatter.createEmbeddingMap(JsonFormatter.java:436)
at io.cucumber.core.plugin.JsonFormatter.addEmbeddingToHookMap(JsonFormatter.java:341)
at io.cucumber.core.plugin.JsonFormatter.handleEmbed(JsonFormatter.java:138)
at io.cucumber.core.plugin.JsonFormatter$$Lambda/0x0000021b011d5e30.receive(Unknown Source)
at io.cucumber.core.eventbus.AbstractEventPublisher.send(AbstractEventPublisher.java:51)
at io.cucumber.core.eventbus.AbstractEventPublisher.sendAll(AbstractEventPublisher.java:36)
at io.cucumber.core.plugin.CanonicalOrderEventPublisher.handle(CanonicalOrderEventPublisher.java:18)
at io.cucumber.core.plugin.Plugins$$Lambda/0x0000021b011d4458.receive(Unknown Source)
at io.cucumber.core.eventbus.AbstractEventPublisher.send(AbstractEventPublisher.java:44)
at io.cucumber.core.eventbus.AbstractEventBus.send(AbstractEventBus.java:12)
at io.cucumber.core.runtime.SynchronizedEventBus.send(SynchronizedEventBus.java:47)
at io.cucumber.core.runtime.CucumberExecutionContext.emitTestRunFinished(CucumberExecutionContext.java:131)
at io.cucumber.core.runtime.CucumberExecutionContext.finishTestRun(CucumberExecutionContext.java:118)
at io.cucumber.testng.TestNGCucumberRunner.finish(TestNGCucumberRunner.java:145)
at io.cucumber.testng.AbstractTestNGCucumberTests.tearDownClass(AbstractTestNGCucumberTests.java:57)
at java.base/java.lang.invoke.LambdaForm$DMH/0x0000021b01086000.invokeVirtual(LambdaForm$DMH)
at java.base/java.lang.invoke.LambdaForm$MH/0x0000021b0100a400.invoke(LambdaForm$MH)
at java.base/java.lang.invoke.Invokers$Holder.invokeExact_MT(Invokers$Holder)
at java.base/jdk.internal.reflect.DirectMethodHandleAccessor.invokeImpl(DirectMethodHandleAccessor.java:153)
at java.base/jdk.internal.reflect.DirectMethodHandleAccessor.invoke(DirectMethodHandleAccessor.java:103)
at java.base/java.lang.reflect.Method.invoke(Method.java:580)
at org.testng.internal.MethodInvocationHelper.invokeMethod(MethodInvocationHelper.java:124)
at org.testng.internal.MethodInvocationHelper.invokeMethodConsideringTimeout(MethodInvocationHelper.java:59)
at org.testng.internal.Invoker.invokeConfigurationMethod(Invoker.java:458)
at org.testng.internal.Invoker.invokeConfigurations(Invoker.java:222)
at org.testng.internal.Invoker.invokeConfigurations(Invoker.java:142)
at org.testng.internal.TestMethodWorker.invokeAfterClassMethods(TestMethodWorker.java:214)
at org.testng.internal.TestMethodWorker.run(TestMethodWorker.java:111)
at org.testng.TestRunner.privateRun(TestRunner.java:648)
at org.testng.TestRunner.run(TestRunner.java:505)
at org.testng.SuiteRunner.runTest(SuiteRunner.java:455)
]]>
    </error>
  </testcase> <!-- tearDownClass -->
  <testcase classname="cucumberOptions.TestNGTestRunner" name="runScenario" time="12.618"/>
  <testcase classname="cucumberOptions.TestNGTestRunner" name="runScenario" time="10.715"/>
  <testcase classname="cucumberOptions.TestNGTestRunner" name="runScenario" time="10.418"/>
  <testcase classname="cucumberOptions.TestNGTestRunner" name="runScenario" time="24.948"/>
  <testcase classname="cucumberOptions.TestNGTestRunner" name="runScenario" time="10.271"/>
  <testcase classname="cucumberOptions.TestNGTestRunner" name="runScenario" time="10.081"/>
  <testcase classname="cucumberOptions.TestNGTestRunner" name="runScenario" time="12.052"/>
  <testcase classname="cucumberOptions.TestNGTestRunner" name="runScenario" time="12.359"/>
  <testcase classname="cucumberOptions.TestNGTestRunner" name="runScenario" time="12.130"/>
  <testcase classname="cucumberOptions.TestNGTestRunner" name="runScenario" time="11.174"/>
  <testcase classname="cucumberOptions.TestNGTestRunner" name="runScenario" time="12.379"/>
  <testcase classname="cucumberOptions.TestNGTestRunner" name="runScenario" time="10.178"/>
  <testcase classname="cucumberOptions.TestNGTestRunner" name="runScenario" time="13.253"/>
  <testcase classname="cucumberOptions.TestNGTestRunner" name="runScenario" time="13.640"/>
  <testcase classname="cucumberOptions.TestNGTestRunner" name="runScenario" time="12.550"/>
  <testcase classname="cucumberOptions.TestNGTestRunner" name="runScenario" time="11.450"/>
  <testcase classname="cucumberOptions.TestNGTestRunner" name="runScenario" time="13.386"/>
  <testcase classname="cucumberOptions.TestNGTestRunner" name="runScenario" time="13.740"/>
  <testcase classname="cucumberOptions.TestNGTestRunner" name="runScenario" time="12.480"/>
  <testcase classname="cucumberOptions.TestNGTestRunner" name="runScenario" time="11.490"/>
  <testcase classname="cucumberOptions.TestNGTestRunner" name="runScenario" time="11.297"/>
  <testcase classname="cucumberOptions.TestNGTestRunner" name="runScenario" time="10.203"/>
  <testcase classname="cucumberOptions.TestNGTestRunner" name="runScenario" time="11.291"/>
  <testcase classname="cucumberOptions.TestNGTestRunner" name="runScenario" time="13.183"/>
  <testcase classname="cucumberOptions.TestNGTestRunner" name="runScenario" time="10.364"/>
  <testcase classname="cucumberOptions.TestNGTestRunner" name="runScenario" time="11.620"/>
  <testcase classname="cucumberOptions.TestNGTestRunner" name="runScenario" time="11.206"/>
  <testcase classname="cucumberOptions.TestNGTestRunner" name="runScenario" time="11.466"/>
  <testcase classname="cucumberOptions.TestNGTestRunner" name="runScenario" time="13.019"/>
  <testcase classname="cucumberOptions.TestNGTestRunner" name="runScenario" time="10.210"/>
  <testcase classname="cucumberOptions.TestNGTestRunner" name="runScenario" time="10.186"/>
  <testcase classname="cucumberOptions.TestNGTestRunner" name="runScenario" time="12.109"/>
  <testcase classname="cucumberOptions.TestNGTestRunner" name="runScenario" time="10.705"/>
  <testcase classname="cucumberOptions.TestNGTestRunner" name="runScenario" time="12.806"/>
  <testcase classname="cucumberOptions.TestNGTestRunner" name="runScenario" time="11.907"/>
  <testcase classname="cucumberOptions.TestNGTestRunner" name="runScenario" time="11.817"/>
  <testcase classname="cucumberOptions.TestNGTestRunner" name="runScenario" time="15.562"/>
  <testcase classname="cucumberOptions.TestNGTestRunner" name="runScenario" time="12.214"/>
  <testcase classname="cucumberOptions.TestNGTestRunner" name="runScenario" time="9.864"/>
  <testcase classname="cucumberOptions.TestNGTestRunner" name="runScenario" time="11.707"/>
  <testcase classname="cucumberOptions.TestNGTestRunner" name="runScenario" time="12.329"/>
  <testcase classname="cucumberOptions.TestNGTestRunner" name="runScenario" time="11.598"/>
  <testcase classname="cucumberOptions.TestNGTestRunner" name="runScenario" time="11.525"/>
  <testcase classname="cucumberOptions.TestNGTestRunner" name="runScenario" time="11.631"/>
  <testcase classname="cucumberOptions.TestNGTestRunner" name="runScenario" time="12.347"/>
  <testcase classname="cucumberOptions.TestNGTestRunner" name="runScenario" time="11.721"/>
  <testcase classname="cucumberOptions.TestNGTestRunner" name="runScenario" time="12.873"/>
  <testcase classname="cucumberOptions.TestNGTestRunner" name="runScenario" time="11.923"/>
  <testcase classname="cucumberOptions.TestNGTestRunner" name="runScenario" time="11.722"/>
  <testcase classname="cucumberOptions.TestNGTestRunner" name="runScenario" time="11.870"/>
  <testcase classname="cucumberOptions.TestNGTestRunner" name="runScenario" time="12.119"/>
  <testcase classname="cucumberOptions.TestNGTestRunner" name="runScenario" time="21.569"/>
  <testcase classname="cucumberOptions.TestNGTestRunner" name="runScenario" time="10.023"/>
  <testcase classname="cucumberOptions.TestNGTestRunner" name="runScenario" time="13.363"/>
  <testcase classname="cucumberOptions.TestNGTestRunner" name="runScenario" time="10.938"/>
  <testcase classname="cucumberOptions.TestNGTestRunner" name="runScenario" time="12.721"/>
  <testcase classname="cucumberOptions.TestNGTestRunner" name="runScenario" time="13.204"/>
  <testcase classname="cucumberOptions.TestNGTestRunner" name="runScenario" time="14.760"/>
  <testcase classname="cucumberOptions.TestNGTestRunner" name="runScenario" time="11.056"/>
  <testcase classname="cucumberOptions.TestNGTestRunner" name="runScenario" time="10.876"/>
  <testcase classname="cucumberOptions.TestNGTestRunner" name="runScenario" time="12.514"/>
  <testcase classname="cucumberOptions.TestNGTestRunner" name="runScenario" time="10.890"/>
  <testcase classname="cucumberOptions.TestNGTestRunner" name="runScenario" time="9.643"/>
  <testcase classname="cucumberOptions.TestNGTestRunner" name="runScenario" time="12.922"/>
  <testcase classname="cucumberOptions.TestNGTestRunner" name="runScenario" time="14.230"/>
  <testcase classname="cucumberOptions.TestNGTestRunner" name="runScenario" time="27.200"/>
  <testcase classname="cucumberOptions.TestNGTestRunner" name="runScenario" time="109.708">
    <error message="no such element: Unable to locate element: {&quot;method&quot;:&quot;link text&quot;,&quot;selector&quot;:&quot;Featured categories&quot;}
  (Session info: chrome=120.0.6099.200)
For documentation on this error, please visit: https://www.selenium.dev/documentation/webdriver/troubleshooting/errors#no-such-element-exception
Build info: version: &#039;4.11.0&#039;, revision: &#039;040bc5406b&#039;
System info: os.name: &#039;Windows 10&#039;, os.arch: &#039;amd64&#039;, os.version: &#039;10.0&#039;, java.version: &#039;21&#039;
Driver info: org.openqa.selenium.chrome.ChromeDriver
Command: [a3bc128941ebd1a903bc62dfc7e8e074, findElement {using=link text, value=Featured categories}]
Capabilities {acceptInsecureCerts: false, browserName: chrome, browserVersion: 120.0.6099.200, chrome: {chromedriverVersion: 120.0.6099.109 (3419140ab66..., userDataDir: C:\Users\hp\AppData\Local\T...}, fedcm:accounts: true, goog:chromeOptions: {debuggerAddress: localhost:51073}, networkConnectionEnabled: false, pageLoadStrategy: normal, platformName: windows, proxy: Proxy(), se:cdp: ws://localhost:51073/devtoo..., se:cdpVersion: 120.0.6099.200, setWindowRect: true, strictFileInteractability: false, timeouts: {implicit: 0, pageLoad: 300000, script: 30000}, unhandledPromptBehavior: dismiss and notify, webauthn:extension:credBlob: true, webauthn:extension:largeBlob: true, webauthn:extension:minPinLength: true, webauthn:extension:prf: true, webauthn:virtualAuthenticators: true}
Session ID: a3bc128941ebd1a903bc62dfc7e8e074" type="org.openqa.selenium.NoSuchElementException">
      <![CDATA[org.openqa.selenium.NoSuchElementException: no such element: Unable to locate element: {"method":"link text","selector":"Featured categories"}
  (Session info: chrome=120.0.6099.200)
For documentation on this error, please visit: https://www.selenium.dev/documentation/webdriver/troubleshooting/errors#no-such-element-exception
Build info: version: '4.11.0', revision: '040bc5406b'
System info: os.name: 'Windows 10', os.arch: 'amd64', os.version: '10.0', java.version: '21'
Driver info: org.openqa.selenium.chrome.ChromeDriver
Command: [a3bc128941ebd1a903bc62dfc7e8e074, findElement {using=link text, value=Featured categories}]
Capabilities {acceptInsecureCerts: false, browserName: chrome, browserVersion: 120.0.6099.200, chrome: {chromedriverVersion: 120.0.6099.109 (3419140ab66..., userDataDir: C:\Users\hp\AppData\Local\T...}, fedcm:accounts: true, goog:chromeOptions: {debuggerAddress: localhost:51073}, networkConnectionEnabled: false, pageLoadStrategy: normal, platformName: windows, proxy: Proxy(), se:cdp: ws://localhost:51073/devtoo..., se:cdpVersion: 120.0.6099.200, setWindowRect: true, strictFileInteractability: false, timeouts: {implicit: 0, pageLoad: 300000, script: 30000}, unhandledPromptBehavior: dismiss and notify, webauthn:extension:credBlob: true, webauthn:extension:largeBlob: true, webauthn:extension:minPinLength: true, webauthn:extension:prf: true, webauthn:virtualAuthenticators: true}
Session ID: a3bc128941ebd1a903bc62dfc7e8e074
at java.base/jdk.internal.reflect.DirectConstructorHandleAccessor.newInstance(DirectConstructorHandleAccessor.java:62)
at java.base/java.lang.reflect.Constructor.newInstanceWithCaller(Constructor.java:502)
at java.base/java.lang.reflect.Constructor.newInstance(Constructor.java:486)
at org.openqa.selenium.remote.codec.w3c.W3CHttpResponseCodec.createException(W3CHttpResponseCodec.java:200)
at org.openqa.selenium.remote.codec.w3c.W3CHttpResponseCodec.decode(W3CHttpResponseCodec.java:133)
at org.openqa.selenium.remote.codec.w3c.W3CHttpResponseCodec.decode(W3CHttpResponseCodec.java:52)
at org.openqa.selenium.remote.HttpCommandExecutor.execute(HttpCommandExecutor.java:191)
at org.openqa.selenium.remote.service.DriverCommandExecutor.invokeExecute(DriverCommandExecutor.java:196)
at org.openqa.selenium.remote.service.DriverCommandExecutor.execute(DriverCommandExecutor.java:171)
at org.openqa.selenium.remote.RemoteWebDriver.execute(RemoteWebDriver.java:518)
at org.openqa.selenium.remote.ElementLocation$ElementFinder$2.findElement(ElementLocation.java:165)
at org.openqa.selenium.remote.ElementLocation.findElement(ElementLocation.java:59)
at org.openqa.selenium.remote.RemoteWebDriver.findElement(RemoteWebDriver.java:355)
at org.openqa.selenium.remote.RemoteWebDriver.findElement(RemoteWebDriver.java:349)
at Pages.Login_page.clicksellerlink(Login_page.java:128)
at stepDefinitions.Amazone_homepage_Steps.verify_that_the_Best_seller_Quick_access_link(Amazone_homepage_Steps.java:66)
at âœ½.user click on "Featured categories" link(file:///D:/Automation/Automation_Test/src/test/java/features/Home_page.feature:140)
]]>
    </error>
  </testcase> <!-- runScenario -->
  <testcase classname="cucumberOptions.TestNGTestRunner" name="runScenario" time="13.485"/>
  <testcase classname="cucumberOptions.TestNGTestRunner" name="runScenario" time="13.714"/>
  <testcase classname="cucumberOptions.TestNGTestRunner" name="runScenario" time="13.083"/>
  <testcase classname="cucumberOptions.TestNGTestRunner" name="runScenario" time="10.095"/>
  <testcase classname="cucumberOptions.TestNGTestRunner" name="runScenario" time="12.128"/>
  <testcase classname="cucumberOptions.TestNGTestRunner" name="runScenario" time="17.943"/>
  <testcase classname="cucumberOptions.TestNGTestRunner" name="runScenario" time="11.860"/>
  <testcase classname="cucumberOptions.TestNGTestRunner" name="runScenario" time="10.175"/>
  <testcase classname="cucumberOptions.TestNGTestRunner" name="runScenario" time="10.810"/>
  <testcase classname="cucumberOptions.TestNGTestRunner" name="runScenario" time="13.584"/>
  <testcase classname="cucumberOptions.TestNGTestRunner" name="runScenario" time="11.519"/>
  <testcase classname="cucumberOptions.TestNGTestRunner" name="runScenario" time="12.225"/>
  <testcase classname="cucumberOptions.TestNGTestRunner" name="runScenario" time="15.524"/>
  <testcase classname="cucumberOptions.TestNGTestRunner" name="runScenario" time="12.350"/>
  <testcase classname="cucumberOptions.TestNGTestRunner" name="runScenario" time="10.275"/>
  <testcase classname="cucumberOptions.TestNGTestRunner" name="runScenario" time="10.381"/>
  <testcase classname="cucumberOptions.TestNGTestRunner" name="runScenario" time="12.742"/>
  <testcase classname="cucumberOptions.TestNGTestRunner" name="runScenario" time="11.789"/>
  <testcase classname="cucumberOptions.TestNGTestRunner" name="runScenario" time="11.319"/>
  <testcase classname="cucumberOptions.TestNGTestRunner" name="runScenario" time="11.974"/>
  <testcase classname="cucumberOptions.TestNGTestRunner" name="runScenario" time="12.941"/>
  <testcase classname="cucumberOptions.TestNGTestRunner" name="runScenario" time="12.959"/>
  <testcase classname="cucumberOptions.TestNGTestRunner" name="runScenario" time="11.455"/>
  <testcase classname="cucumberOptions.TestNGTestRunner" name="runScenario" time="13.594"/>
  <testcase classname="cucumberOptions.TestNGTestRunner" name="runScenario" time="11.861"/>
  <testcase classname="cucumberOptions.TestNGTestRunner" name="runScenario" time="10.539"/>
  <testcase classname="cucumberOptions.TestNGTestRunner" name="runScenario" time="11.491"/>
  <testcase classname="cucumberOptions.TestNGTestRunner" name="runScenario" time="11.031"/>
  <testcase classname="cucumberOptions.TestNGTestRunner" name="runScenario" time="11.820"/>
  <testcase classname="cucumberOptions.TestNGTestRunner" name="runScenario" time="10.692"/>
  <testcase classname="cucumberOptions.TestNGTestRunner" name="runScenario" time="14.674"/>
  <testcase classname="cucumberOptions.TestNGTestRunner" name="runScenario" time="12.290"/>
  <testcase classname="cucumberOptions.TestNGTestRunner" name="runScenario" time="11.834"/>
  <testcase classname="cucumberOptions.TestNGTestRunner" name="runScenario" time="11.805"/>
  <testcase classname="cucumberOptions.TestNGTestRunner" name="runScenario" time="12.151"/>
  <testcase classname="cucumberOptions.TestNGTestRunner" name="runScenario" time="12.131"/>
  <testcase classname="cucumberOptions.TestNGTestRunner" name="runScenario" time="11.884"/>
  <testcase classname="cucumberOptions.TestNGTestRunner" name="runScenario" time="12.414"/>
  <testcase classname="cucumberOptions.TestNGTestRunner" name="runScenario" time="12.620"/>
  <testcase classname="cucumberOptions.TestNGTestRunner" name="runScenario" time="22.754"/>
  <testcase classname="cucumberOptions.TestNGTestRunner" name="runScenario" time="10.718"/>
  <testcase classname="cucumberOptions.TestNGTestRunner" name="runScenario" time="10.508"/>
  <testcase classname="cucumberOptions.TestNGTestRunner" name="runScenario" time="10.431"/>
  <testcase classname="cucumberOptions.TestNGTestRunner" name="runScenario" time="13.076"/>
  <testcase classname="cucumberOptions.TestNGTestRunner" name="runScenario" time="11.974"/>
</testsuite> <!-- cucumberOptions.TestNGTestRunner -->
